[0.029s] Invoking command in '/home/omar-yaseen/robot_ws/build/sensor_package': CMAKE_PREFIX_PATH=${CMAKE_PREFIX_PATH}:/opt/ros/jazzy DEBUGINFOD_URLS=https://debuginfod.ubuntu.com /usr/bin/cmake --build /home/omar-yaseen/robot_ws/build/sensor_package -- -j16 -l16
[0.133s] [100%] Built target sensor_node
[0.156s] Invoked command in '/home/omar-yaseen/robot_ws/build/sensor_package' returned '0': CMAKE_PREFIX_PATH=${CMAKE_PREFIX_PATH}:/opt/ros/jazzy DEBUGINFOD_URLS=https://debuginfod.ubuntu.com /usr/bin/cmake --build /home/omar-yaseen/robot_ws/build/sensor_package -- -j16 -l16
[0.172s] Invoking command in '/home/omar-yaseen/robot_ws/build/sensor_package': CMAKE_PREFIX_PATH=${CMAKE_PREFIX_PATH}:/opt/ros/jazzy DEBUGINFOD_URLS=https://debuginfod.ubuntu.com /usr/bin/cmake --install /home/omar-yaseen/robot_ws/build/sensor_package
[0.176s] -- Install configuration: ""
[0.176s] -- Up-to-date: /home/omar-yaseen/robot_ws/install/sensor_package/lib/sensor_package/sensor_node
[0.176s] -- Up-to-date: /home/omar-yaseen/robot_ws/install/sensor_package/share/ament_index/resource_index/package_run_dependencies/sensor_package
[0.176s] -- Up-to-date: /home/omar-yaseen/robot_ws/install/sensor_package/share/ament_index/resource_index/parent_prefix_path/sensor_package
[0.176s] -- Up-to-date: /home/omar-yaseen/robot_ws/install/sensor_package/share/sensor_package/environment/ament_prefix_path.sh
[0.176s] -- Up-to-date: /home/omar-yaseen/robot_ws/install/sensor_package/share/sensor_package/environment/ament_prefix_path.dsv
[0.176s] -- Up-to-date: /home/omar-yaseen/robot_ws/install/sensor_package/share/sensor_package/environment/path.sh
[0.176s] -- Up-to-date: /home/omar-yaseen/robot_ws/install/sensor_package/share/sensor_package/environment/path.dsv
[0.176s] -- Up-to-date: /home/omar-yaseen/robot_ws/install/sensor_package/share/sensor_package/local_setup.bash
[0.176s] -- Up-to-date: /home/omar-yaseen/robot_ws/install/sensor_package/share/sensor_package/local_setup.sh
[0.176s] -- Up-to-date: /home/omar-yaseen/robot_ws/install/sensor_package/share/sensor_package/local_setup.zsh
[0.176s] -- Up-to-date: /home/omar-yaseen/robot_ws/install/sensor_package/share/sensor_package/local_setup.dsv
[0.176s] -- Installing: /home/omar-yaseen/robot_ws/install/sensor_package/share/sensor_package/package.dsv
[0.176s] -- Up-to-date: /home/omar-yaseen/robot_ws/install/sensor_package/share/ament_index/resource_index/packages/sensor_package
[0.176s] -- Up-to-date: /home/omar-yaseen/robot_ws/install/sensor_package/share/sensor_package/cmake/sensor_packageConfig.cmake
[0.177s] -- Up-to-date: /home/omar-yaseen/robot_ws/install/sensor_package/share/sensor_package/cmake/sensor_packageConfig-version.cmake
[0.177s] -- Up-to-date: /home/omar-yaseen/robot_ws/install/sensor_package/share/sensor_package/package.xml
[0.210s] Invoked command in '/home/omar-yaseen/robot_ws/build/sensor_package' returned '0': CMAKE_PREFIX_PATH=${CMAKE_PREFIX_PATH}:/opt/ros/jazzy DEBUGINFOD_URLS=https://debuginfod.ubuntu.com /usr/bin/cmake --install /home/omar-yaseen/robot_ws/build/sensor_package
