[0.117s] DEBUG:colcon:Command line arguments: ['/usr/bin/colcon', 'build']
[0.117s] DEBUG:colcon:Parsed command line arguments: Namespace(log_base=None, log_level=None, verb_name='build', build_base='build', install_base='install', merge_install=False, symlink_install=False, test_result_base=None, continue_on_error=False, executor='parallel', parallel_workers=16, event_handlers=None, ignore_user_meta=False, metas=['./colcon.meta'], base_paths=['.'], packages_ignore=None, packages_ignore_regex=None, paths=None, packages_up_to=None, packages_up_to_regex=None, packages_above=None, packages_above_and_dependencies=None, packages_above_depth=None, packages_select_by_dep=None, packages_skip_by_dep=None, packages_skip_up_to=None, packages_select_build_failed=False, packages_skip_build_finished=False, packages_select_test_failures=False, packages_skip_test_passed=False, packages_select=None, packages_skip=None, packages_select_regex=None, packages_skip_regex=None, packages_start=None, packages_end=None, allow_overriding=[], cmake_args=None, cmake_target=None, cmake_target_skip_unavailable=False, cmake_clean_cache=False, cmake_clean_first=False, cmake_force_configure=False, ament_cmake_args=None, catkin_cmake_args=None, catkin_skip_building_tests=False, mixin_files=None, mixin=None, verb_parser=<colcon_mixin.mixin.mixin_argument.MixinArgumentDecorator object at 0x7447cdf77f50>, verb_extension=<colcon_core.verb.build.BuildVerb object at 0x7447cdf77bf0>, main=<bound method BuildVerb.main of <colcon_core.verb.build.BuildVerb object at 0x7447cdf77bf0>>, mixin_verb=('build',))
[0.161s] Level 1:colcon.colcon_core.package_discovery:discover_packages(colcon_meta) check parameters
[0.161s] Level 1:colcon.colcon_core.package_discovery:discover_packages(recursive) check parameters
[0.161s] Level 1:colcon.colcon_core.package_discovery:discover_packages(ignore) check parameters
[0.161s] Level 1:colcon.colcon_core.package_discovery:discover_packages(path) check parameters
[0.162s] Level 1:colcon.colcon_core.package_discovery:discover_packages(colcon_meta) discover
[0.162s] Level 1:colcon.colcon_core.package_discovery:discover_packages(recursive) discover
[0.162s] INFO:colcon.colcon_core.package_discovery:Crawling recursively for packages in '/home/omar-yaseen/robot_ws'
[0.162s] Level 1:colcon.colcon_core.package_identification:_identify(.) by extensions ['ignore', 'ignore_ament_install']
[0.162s] Level 1:colcon.colcon_core.package_identification:_identify(.) by extension 'ignore'
[0.162s] Level 1:colcon.colcon_core.package_identification:_identify(.) by extension 'ignore_ament_install'
[0.162s] Level 1:colcon.colcon_core.package_identification:_identify(.) by extensions ['colcon_pkg']
[0.162s] Level 1:colcon.colcon_core.package_identification:_identify(.) by extension 'colcon_pkg'
[0.162s] Level 1:colcon.colcon_core.package_identification:_identify(.) by extensions ['colcon_meta']
[0.162s] Level 1:colcon.colcon_core.package_identification:_identify(.) by extension 'colcon_meta'
[0.162s] Level 1:colcon.colcon_core.package_identification:_identify(.) by extensions ['ros']
[0.162s] Level 1:colcon.colcon_core.package_identification:_identify(.) by extension 'ros'
[0.193s] Level 1:colcon.colcon_core.package_identification:_identify(.) by extensions ['cmake', 'python']
[0.193s] Level 1:colcon.colcon_core.package_identification:_identify(.) by extension 'cmake'
[0.193s] Level 1:colcon.colcon_core.package_identification:_identify(.) by extension 'python'
[0.193s] Level 1:colcon.colcon_core.package_identification:_identify(.) by extensions ['python_setup_py']
[0.193s] Level 1:colcon.colcon_core.package_identification:_identify(.) by extension 'python_setup_py'
[0.193s] Level 1:colcon.colcon_core.package_identification:_identify(build) by extensions ['ignore', 'ignore_ament_install']
[0.194s] Level 1:colcon.colcon_core.package_identification:_identify(build) by extension 'ignore'
[0.194s] Level 1:colcon.colcon_core.package_identification:_identify(build) ignored
[0.194s] Level 1:colcon.colcon_core.package_identification:_identify(install) by extensions ['ignore', 'ignore_ament_install']
[0.194s] Level 1:colcon.colcon_core.package_identification:_identify(install) by extension 'ignore'
[0.194s] Level 1:colcon.colcon_core.package_identification:_identify(install) ignored
[0.194s] Level 1:colcon.colcon_core.package_identification:_identify(log) by extensions ['ignore', 'ignore_ament_install']
[0.194s] Level 1:colcon.colcon_core.package_identification:_identify(log) by extension 'ignore'
[0.194s] Level 1:colcon.colcon_core.package_identification:_identify(log) ignored
[0.194s] Level 1:colcon.colcon_core.package_identification:_identify(src) by extensions ['ignore', 'ignore_ament_install']
[0.194s] Level 1:colcon.colcon_core.package_identification:_identify(src) by extension 'ignore'
[0.194s] Level 1:colcon.colcon_core.package_identification:_identify(src) by extension 'ignore_ament_install'
[0.194s] Level 1:colcon.colcon_core.package_identification:_identify(src) by extensions ['colcon_pkg']
[0.195s] Level 1:colcon.colcon_core.package_identification:_identify(src) by extension 'colcon_pkg'
[0.195s] Level 1:colcon.colcon_core.package_identification:_identify(src) by extensions ['colcon_meta']
[0.195s] Level 1:colcon.colcon_core.package_identification:_identify(src) by extension 'colcon_meta'
[0.195s] Level 1:colcon.colcon_core.package_identification:_identify(src) by extensions ['ros']
[0.195s] Level 1:colcon.colcon_core.package_identification:_identify(src) by extension 'ros'
[0.195s] Level 1:colcon.colcon_core.package_identification:_identify(src) by extensions ['cmake', 'python']
[0.195s] Level 1:colcon.colcon_core.package_identification:_identify(src) by extension 'cmake'
[0.195s] Level 1:colcon.colcon_core.package_identification:_identify(src) by extension 'python'
[0.195s] Level 1:colcon.colcon_core.package_identification:_identify(src) by extensions ['python_setup_py']
[0.195s] Level 1:colcon.colcon_core.package_identification:_identify(src) by extension 'python_setup_py'
[0.195s] Level 1:colcon.colcon_core.package_identification:_identify(src/Robot_Smart_Car) by extensions ['ignore', 'ignore_ament_install']
[0.195s] Level 1:colcon.colcon_core.package_identification:_identify(src/Robot_Smart_Car) by extension 'ignore'
[0.195s] Level 1:colcon.colcon_core.package_identification:_identify(src/Robot_Smart_Car) by extension 'ignore_ament_install'
[0.195s] Level 1:colcon.colcon_core.package_identification:_identify(src/Robot_Smart_Car) by extensions ['colcon_pkg']
[0.195s] Level 1:colcon.colcon_core.package_identification:_identify(src/Robot_Smart_Car) by extension 'colcon_pkg'
[0.195s] Level 1:colcon.colcon_core.package_identification:_identify(src/Robot_Smart_Car) by extensions ['colcon_meta']
[0.195s] Level 1:colcon.colcon_core.package_identification:_identify(src/Robot_Smart_Car) by extension 'colcon_meta'
[0.195s] Level 1:colcon.colcon_core.package_identification:_identify(src/Robot_Smart_Car) by extensions ['ros']
[0.196s] Level 1:colcon.colcon_core.package_identification:_identify(src/Robot_Smart_Car) by extension 'ros'
[0.199s] DEBUG:colcon.colcon_core.package_identification:Package 'src/Robot_Smart_Car' with type 'ros.ament_cmake' and name 'Robot_Smart_Car'
[0.199s] Level 1:colcon.colcon_core.package_identification:_identify(src/motor_package) by extensions ['ignore', 'ignore_ament_install']
[0.199s] Level 1:colcon.colcon_core.package_identification:_identify(src/motor_package) by extension 'ignore'
[0.199s] Level 1:colcon.colcon_core.package_identification:_identify(src/motor_package) by extension 'ignore_ament_install'
[0.199s] Level 1:colcon.colcon_core.package_identification:_identify(src/motor_package) by extensions ['colcon_pkg']
[0.199s] Level 1:colcon.colcon_core.package_identification:_identify(src/motor_package) by extension 'colcon_pkg'
[0.199s] Level 1:colcon.colcon_core.package_identification:_identify(src/motor_package) by extensions ['colcon_meta']
[0.199s] Level 1:colcon.colcon_core.package_identification:_identify(src/motor_package) by extension 'colcon_meta'
[0.199s] Level 1:colcon.colcon_core.package_identification:_identify(src/motor_package) by extensions ['ros']
[0.199s] Level 1:colcon.colcon_core.package_identification:_identify(src/motor_package) by extension 'ros'
[0.200s] DEBUG:colcon.colcon_core.package_identification:Package 'src/motor_package' with type 'ros.ament_cmake' and name 'motor_package'
[0.200s] Level 1:colcon.colcon_core.package_identification:_identify(src/obstacle_package) by extensions ['ignore', 'ignore_ament_install']
[0.200s] Level 1:colcon.colcon_core.package_identification:_identify(src/obstacle_package) by extension 'ignore'
[0.200s] Level 1:colcon.colcon_core.package_identification:_identify(src/obstacle_package) by extension 'ignore_ament_install'
[0.200s] Level 1:colcon.colcon_core.package_identification:_identify(src/obstacle_package) by extensions ['colcon_pkg']
[0.200s] Level 1:colcon.colcon_core.package_identification:_identify(src/obstacle_package) by extension 'colcon_pkg'
[0.200s] Level 1:colcon.colcon_core.package_identification:_identify(src/obstacle_package) by extensions ['colcon_meta']
[0.200s] Level 1:colcon.colcon_core.package_identification:_identify(src/obstacle_package) by extension 'colcon_meta'
[0.200s] Level 1:colcon.colcon_core.package_identification:_identify(src/obstacle_package) by extensions ['ros']
[0.200s] Level 1:colcon.colcon_core.package_identification:_identify(src/obstacle_package) by extension 'ros'
[0.201s] DEBUG:colcon.colcon_core.package_identification:Package 'src/obstacle_package' with type 'ros.ament_cmake' and name 'obstacle_package'
[0.201s] Level 1:colcon.colcon_core.package_identification:_identify(src/sensor_package) by extensions ['ignore', 'ignore_ament_install']
[0.201s] Level 1:colcon.colcon_core.package_identification:_identify(src/sensor_package) by extension 'ignore'
[0.201s] Level 1:colcon.colcon_core.package_identification:_identify(src/sensor_package) by extension 'ignore_ament_install'
[0.201s] Level 1:colcon.colcon_core.package_identification:_identify(src/sensor_package) by extensions ['colcon_pkg']
[0.201s] Level 1:colcon.colcon_core.package_identification:_identify(src/sensor_package) by extension 'colcon_pkg'
[0.201s] Level 1:colcon.colcon_core.package_identification:_identify(src/sensor_package) by extensions ['colcon_meta']
[0.201s] Level 1:colcon.colcon_core.package_identification:_identify(src/sensor_package) by extension 'colcon_meta'
[0.201s] Level 1:colcon.colcon_core.package_identification:_identify(src/sensor_package) by extensions ['ros']
[0.201s] Level 1:colcon.colcon_core.package_identification:_identify(src/sensor_package) by extension 'ros'
[0.202s] DEBUG:colcon.colcon_core.package_identification:Package 'src/sensor_package' with type 'ros.ament_cmake' and name 'sensor_package'
[0.202s] Level 1:colcon.colcon_core.package_discovery:discover_packages(recursive) using defaults
[0.202s] Level 1:colcon.colcon_core.package_discovery:discover_packages(ignore) discover
[0.202s] Level 1:colcon.colcon_core.package_discovery:discover_packages(ignore) using defaults
[0.202s] Level 1:colcon.colcon_core.package_discovery:discover_packages(path) discover
[0.202s] Level 1:colcon.colcon_core.package_discovery:discover_packages(path) using defaults
[0.224s] Level 1:colcon.colcon_core.package_discovery:discover_packages(prefix_path) check parameters
[0.224s] Level 1:colcon.colcon_core.package_discovery:discover_packages(prefix_path) discover
[0.226s] DEBUG:colcon.colcon_installed_package_information.package_discovery:Found 4 installed packages in /home/omar-yaseen/robot_ws/install
[0.228s] DEBUG:colcon.colcon_installed_package_information.package_discovery:Found 291 installed packages in /opt/ros/jazzy
[0.229s] Level 1:colcon.colcon_core.package_discovery:discover_packages(prefix_path) using defaults
[0.270s] Level 5:colcon.colcon_core.verb:set package 'Robot_Smart_Car' build argument 'cmake_args' from command line to 'None'
[0.270s] Level 5:colcon.colcon_core.verb:set package 'Robot_Smart_Car' build argument 'cmake_target' from command line to 'None'
[0.270s] Level 5:colcon.colcon_core.verb:set package 'Robot_Smart_Car' build argument 'cmake_target_skip_unavailable' from command line to 'False'
[0.270s] Level 5:colcon.colcon_core.verb:set package 'Robot_Smart_Car' build argument 'cmake_clean_cache' from command line to 'False'
[0.270s] Level 5:colcon.colcon_core.verb:set package 'Robot_Smart_Car' build argument 'cmake_clean_first' from command line to 'False'
[0.270s] Level 5:colcon.colcon_core.verb:set package 'Robot_Smart_Car' build argument 'cmake_force_configure' from command line to 'False'
[0.270s] Level 5:colcon.colcon_core.verb:set package 'Robot_Smart_Car' build argument 'ament_cmake_args' from command line to 'None'
[0.270s] Level 5:colcon.colcon_core.verb:set package 'Robot_Smart_Car' build argument 'catkin_cmake_args' from command line to 'None'
[0.270s] Level 5:colcon.colcon_core.verb:set package 'Robot_Smart_Car' build argument 'catkin_skip_building_tests' from command line to 'False'
[0.270s] DEBUG:colcon.colcon_core.verb:Building package 'Robot_Smart_Car' with the following arguments: {'ament_cmake_args': None, 'build_base': '/home/omar-yaseen/robot_ws/build/Robot_Smart_Car', 'catkin_cmake_args': None, 'catkin_skip_building_tests': False, 'cmake_args': None, 'cmake_clean_cache': False, 'cmake_clean_first': False, 'cmake_force_configure': False, 'cmake_target': None, 'cmake_target_skip_unavailable': False, 'install_base': '/home/omar-yaseen/robot_ws/install/Robot_Smart_Car', 'merge_install': False, 'path': '/home/omar-yaseen/robot_ws/src/Robot_Smart_Car', 'symlink_install': False, 'test_result_base': None}
[0.271s] Level 5:colcon.colcon_core.verb:set package 'motor_package' build argument 'cmake_args' from command line to 'None'
[0.271s] Level 5:colcon.colcon_core.verb:set package 'motor_package' build argument 'cmake_target' from command line to 'None'
[0.271s] Level 5:colcon.colcon_core.verb:set package 'motor_package' build argument 'cmake_target_skip_unavailable' from command line to 'False'
[0.271s] Level 5:colcon.colcon_core.verb:set package 'motor_package' build argument 'cmake_clean_cache' from command line to 'False'
[0.271s] Level 5:colcon.colcon_core.verb:set package 'motor_package' build argument 'cmake_clean_first' from command line to 'False'
[0.271s] Level 5:colcon.colcon_core.verb:set package 'motor_package' build argument 'cmake_force_configure' from command line to 'False'
[0.271s] Level 5:colcon.colcon_core.verb:set package 'motor_package' build argument 'ament_cmake_args' from command line to 'None'
[0.271s] Level 5:colcon.colcon_core.verb:set package 'motor_package' build argument 'catkin_cmake_args' from command line to 'None'
[0.271s] Level 5:colcon.colcon_core.verb:set package 'motor_package' build argument 'catkin_skip_building_tests' from command line to 'False'
[0.271s] DEBUG:colcon.colcon_core.verb:Building package 'motor_package' with the following arguments: {'ament_cmake_args': None, 'build_base': '/home/omar-yaseen/robot_ws/build/motor_package', 'catkin_cmake_args': None, 'catkin_skip_building_tests': False, 'cmake_args': None, 'cmake_clean_cache': False, 'cmake_clean_first': False, 'cmake_force_configure': False, 'cmake_target': None, 'cmake_target_skip_unavailable': False, 'install_base': '/home/omar-yaseen/robot_ws/install/motor_package', 'merge_install': False, 'path': '/home/omar-yaseen/robot_ws/src/motor_package', 'symlink_install': False, 'test_result_base': None}
[0.271s] Level 5:colcon.colcon_core.verb:set package 'obstacle_package' build argument 'cmake_args' from command line to 'None'
[0.271s] Level 5:colcon.colcon_core.verb:set package 'obstacle_package' build argument 'cmake_target' from command line to 'None'
[0.271s] Level 5:colcon.colcon_core.verb:set package 'obstacle_package' build argument 'cmake_target_skip_unavailable' from command line to 'False'
[0.271s] Level 5:colcon.colcon_core.verb:set package 'obstacle_package' build argument 'cmake_clean_cache' from command line to 'False'
[0.271s] Level 5:colcon.colcon_core.verb:set package 'obstacle_package' build argument 'cmake_clean_first' from command line to 'False'
[0.271s] Level 5:colcon.colcon_core.verb:set package 'obstacle_package' build argument 'cmake_force_configure' from command line to 'False'
[0.271s] Level 5:colcon.colcon_core.verb:set package 'obstacle_package' build argument 'ament_cmake_args' from command line to 'None'
[0.271s] Level 5:colcon.colcon_core.verb:set package 'obstacle_package' build argument 'catkin_cmake_args' from command line to 'None'
[0.271s] Level 5:colcon.colcon_core.verb:set package 'obstacle_package' build argument 'catkin_skip_building_tests' from command line to 'False'
[0.271s] DEBUG:colcon.colcon_core.verb:Building package 'obstacle_package' with the following arguments: {'ament_cmake_args': None, 'build_base': '/home/omar-yaseen/robot_ws/build/obstacle_package', 'catkin_cmake_args': None, 'catkin_skip_building_tests': False, 'cmake_args': None, 'cmake_clean_cache': False, 'cmake_clean_first': False, 'cmake_force_configure': False, 'cmake_target': None, 'cmake_target_skip_unavailable': False, 'install_base': '/home/omar-yaseen/robot_ws/install/obstacle_package', 'merge_install': False, 'path': '/home/omar-yaseen/robot_ws/src/obstacle_package', 'symlink_install': False, 'test_result_base': None}
[0.272s] Level 5:colcon.colcon_core.verb:set package 'sensor_package' build argument 'cmake_args' from command line to 'None'
[0.272s] Level 5:colcon.colcon_core.verb:set package 'sensor_package' build argument 'cmake_target' from command line to 'None'
[0.272s] Level 5:colcon.colcon_core.verb:set package 'sensor_package' build argument 'cmake_target_skip_unavailable' from command line to 'False'
[0.272s] Level 5:colcon.colcon_core.verb:set package 'sensor_package' build argument 'cmake_clean_cache' from command line to 'False'
[0.272s] Level 5:colcon.colcon_core.verb:set package 'sensor_package' build argument 'cmake_clean_first' from command line to 'False'
[0.272s] Level 5:colcon.colcon_core.verb:set package 'sensor_package' build argument 'cmake_force_configure' from command line to 'False'
[0.272s] Level 5:colcon.colcon_core.verb:set package 'sensor_package' build argument 'ament_cmake_args' from command line to 'None'
[0.272s] Level 5:colcon.colcon_core.verb:set package 'sensor_package' build argument 'catkin_cmake_args' from command line to 'None'
[0.272s] Level 5:colcon.colcon_core.verb:set package 'sensor_package' build argument 'catkin_skip_building_tests' from command line to 'False'
[0.272s] DEBUG:colcon.colcon_core.verb:Building package 'sensor_package' with the following arguments: {'ament_cmake_args': None, 'build_base': '/home/omar-yaseen/robot_ws/build/sensor_package', 'catkin_cmake_args': None, 'catkin_skip_building_tests': False, 'cmake_args': None, 'cmake_clean_cache': False, 'cmake_clean_first': False, 'cmake_force_configure': False, 'cmake_target': None, 'cmake_target_skip_unavailable': False, 'install_base': '/home/omar-yaseen/robot_ws/install/sensor_package', 'merge_install': False, 'path': '/home/omar-yaseen/robot_ws/src/sensor_package', 'symlink_install': False, 'test_result_base': None}
[0.272s] INFO:colcon.colcon_core.executor:Executing jobs using 'parallel' executor
[0.273s] DEBUG:colcon.colcon_parallel_executor.executor.parallel:run_until_complete
[0.274s] INFO:colcon.colcon_ros.task.ament_cmake.build:Building ROS package in '/home/omar-yaseen/robot_ws/src/Robot_Smart_Car' with build type 'ament_cmake'
[0.274s] INFO:colcon.colcon_cmake.task.cmake.build:Building CMake package in '/home/omar-yaseen/robot_ws/src/Robot_Smart_Car'
[0.276s] INFO:colcon.colcon_core.plugin_system:Skipping extension 'colcon_core.shell.bat': Not used on non-Windows systems
[0.276s] INFO:colcon.colcon_core.shell:Skip shell extension 'powershell' for command environment: Not usable outside of PowerShell
[0.276s] DEBUG:colcon.colcon_core.shell:Skip shell extension 'dsv' for command environment
[0.280s] INFO:colcon.colcon_ros.task.ament_cmake.build:Building ROS package in '/home/omar-yaseen/robot_ws/src/motor_package' with build type 'ament_cmake'
[0.281s] INFO:colcon.colcon_cmake.task.cmake.build:Building CMake package in '/home/omar-yaseen/robot_ws/src/motor_package'
[0.281s] INFO:colcon.colcon_core.shell:Skip shell extension 'powershell' for command environment: Not usable outside of PowerShell
[0.281s] DEBUG:colcon.colcon_core.shell:Skip shell extension 'dsv' for command environment
[0.284s] INFO:colcon.colcon_ros.task.ament_cmake.build:Building ROS package in '/home/omar-yaseen/robot_ws/src/obstacle_package' with build type 'ament_cmake'
[0.285s] INFO:colcon.colcon_cmake.task.cmake.build:Building CMake package in '/home/omar-yaseen/robot_ws/src/obstacle_package'
[0.285s] INFO:colcon.colcon_core.shell:Skip shell extension 'powershell' for command environment: Not usable outside of PowerShell
[0.285s] DEBUG:colcon.colcon_core.shell:Skip shell extension 'dsv' for command environment
[0.288s] INFO:colcon.colcon_ros.task.ament_cmake.build:Building ROS package in '/home/omar-yaseen/robot_ws/src/sensor_package' with build type 'ament_cmake'
[0.288s] INFO:colcon.colcon_cmake.task.cmake.build:Building CMake package in '/home/omar-yaseen/robot_ws/src/sensor_package'
[0.289s] INFO:colcon.colcon_core.shell:Skip shell extension 'powershell' for command environment: Not usable outside of PowerShell
[0.289s] DEBUG:colcon.colcon_core.shell:Skip shell extension 'dsv' for command environment
[0.300s] DEBUG:colcon.colcon_core.event_handler.log_command:Invoking command in '/home/omar-yaseen/robot_ws/build/Robot_Smart_Car': CMAKE_PREFIX_PATH=${CMAKE_PREFIX_PATH}:/opt/ros/jazzy DEBUGINFOD_URLS=https://debuginfod.ubuntu.com /usr/bin/cmake --build /home/omar-yaseen/robot_ws/build/Robot_Smart_Car -- -j16 -l16
[0.306s] DEBUG:colcon.colcon_core.event_handler.log_command:Invoking command in '/home/omar-yaseen/robot_ws/build/motor_package': CMAKE_PREFIX_PATH=${CMAKE_PREFIX_PATH}:/opt/ros/jazzy DEBUGINFOD_URLS=https://debuginfod.ubuntu.com /usr/bin/cmake --build /home/omar-yaseen/robot_ws/build/motor_package -- -j16 -l16
[0.312s] DEBUG:colcon.colcon_core.event_handler.log_command:Invoking command in '/home/omar-yaseen/robot_ws/build/obstacle_package': CMAKE_PREFIX_PATH=${CMAKE_PREFIX_PATH}:/opt/ros/jazzy DEBUGINFOD_URLS=https://debuginfod.ubuntu.com /usr/bin/cmake --build /home/omar-yaseen/robot_ws/build/obstacle_package -- -j16 -l16
[0.318s] DEBUG:colcon.colcon_core.event_handler.log_command:Invoking command in '/home/omar-yaseen/robot_ws/build/sensor_package': CMAKE_PREFIX_PATH=${CMAKE_PREFIX_PATH}:/opt/ros/jazzy DEBUGINFOD_URLS=https://debuginfod.ubuntu.com /usr/bin/cmake --build /home/omar-yaseen/robot_ws/build/sensor_package -- -j16 -l16
[0.413s] DEBUG:colcon.colcon_core.event_handler.log_command:Invoked command in '/home/omar-yaseen/robot_ws/build/Robot_Smart_Car' returned '0': CMAKE_PREFIX_PATH=${CMAKE_PREFIX_PATH}:/opt/ros/jazzy DEBUGINFOD_URLS=https://debuginfod.ubuntu.com /usr/bin/cmake --build /home/omar-yaseen/robot_ws/build/Robot_Smart_Car -- -j16 -l16
[0.432s] DEBUG:colcon.colcon_core.event_handler.log_command:Invoking command in '/home/omar-yaseen/robot_ws/build/Robot_Smart_Car': CMAKE_PREFIX_PATH=${CMAKE_PREFIX_PATH}:/opt/ros/jazzy DEBUGINFOD_URLS=https://debuginfod.ubuntu.com /usr/bin/cmake --install /home/omar-yaseen/robot_ws/build/Robot_Smart_Car
[0.435s] DEBUG:colcon.colcon_core.event_handler.log_command:Invoked command in '/home/omar-yaseen/robot_ws/build/motor_package' returned '0': CMAKE_PREFIX_PATH=${CMAKE_PREFIX_PATH}:/opt/ros/jazzy DEBUGINFOD_URLS=https://debuginfod.ubuntu.com /usr/bin/cmake --build /home/omar-yaseen/robot_ws/build/motor_package -- -j16 -l16
[0.438s] DEBUG:colcon.colcon_core.event_handler.log_command:Invoking command in '/home/omar-yaseen/robot_ws/build/motor_package': CMAKE_PREFIX_PATH=${CMAKE_PREFIX_PATH}:/opt/ros/jazzy DEBUGINFOD_URLS=https://debuginfod.ubuntu.com /usr/bin/cmake --install /home/omar-yaseen/robot_ws/build/motor_package
[0.444s] DEBUG:colcon.colcon_core.event_handler.log_command:Invoked command in '/home/omar-yaseen/robot_ws/build/sensor_package' returned '0': CMAKE_PREFIX_PATH=${CMAKE_PREFIX_PATH}:/opt/ros/jazzy DEBUGINFOD_URLS=https://debuginfod.ubuntu.com /usr/bin/cmake --build /home/omar-yaseen/robot_ws/build/sensor_package -- -j16 -l16
[0.452s] Level 1:colcon.colcon_core.environment:create_environment_scripts_only(Robot_Smart_Car)
[0.461s] DEBUG:colcon.colcon_core.event_handler.log_command:Invoking command in '/home/omar-yaseen/robot_ws/build/sensor_package': CMAKE_PREFIX_PATH=${CMAKE_PREFIX_PATH}:/opt/ros/jazzy DEBUGINFOD_URLS=https://debuginfod.ubuntu.com /usr/bin/cmake --install /home/omar-yaseen/robot_ws/build/sensor_package
[0.464s] DEBUG:colcon.colcon_core.event_handler.log_command:Invoked command in '/home/omar-yaseen/robot_ws/build/Robot_Smart_Car' returned '0': CMAKE_PREFIX_PATH=${CMAKE_PREFIX_PATH}:/opt/ros/jazzy DEBUGINFOD_URLS=https://debuginfod.ubuntu.com /usr/bin/cmake --install /home/omar-yaseen/robot_ws/build/Robot_Smart_Car
[0.466s] Level 1:colcon.colcon_core.environment:checking '/home/omar-yaseen/robot_ws/install/Robot_Smart_Car' for CMake module files
[0.467s] Level 1:colcon.colcon_core.environment:checking '/home/omar-yaseen/robot_ws/install/Robot_Smart_Car' for CMake config files
[0.467s] Level 1:colcon.colcon_core.shell:create_environment_hook('Robot_Smart_Car', 'cmake_prefix_path')
[0.468s] INFO:colcon.colcon_core.shell:Creating environment hook '/home/omar-yaseen/robot_ws/install/Robot_Smart_Car/share/Robot_Smart_Car/hook/cmake_prefix_path.ps1'
[0.469s] INFO:colcon.colcon_core.shell:Creating environment descriptor '/home/omar-yaseen/robot_ws/install/Robot_Smart_Car/share/Robot_Smart_Car/hook/cmake_prefix_path.dsv'
[0.469s] INFO:colcon.colcon_core.shell:Creating environment hook '/home/omar-yaseen/robot_ws/install/Robot_Smart_Car/share/Robot_Smart_Car/hook/cmake_prefix_path.sh'
[0.470s] Level 1:colcon.colcon_core.environment:checking '/home/omar-yaseen/robot_ws/install/Robot_Smart_Car/lib'
[0.471s] Level 1:colcon.colcon_core.environment:checking '/home/omar-yaseen/robot_ws/install/Robot_Smart_Car/bin'
[0.471s] Level 1:colcon.colcon_core.environment:checking '/home/omar-yaseen/robot_ws/install/Robot_Smart_Car/lib/pkgconfig/Robot_Smart_Car.pc'
[0.471s] Level 1:colcon.colcon_core.environment:checking '/home/omar-yaseen/robot_ws/install/Robot_Smart_Car/lib/python3.12/site-packages'
[0.471s] Level 1:colcon.colcon_core.environment:checking '/home/omar-yaseen/robot_ws/install/Robot_Smart_Car/bin'
[0.472s] INFO:colcon.colcon_core.shell:Creating package script '/home/omar-yaseen/robot_ws/install/Robot_Smart_Car/share/Robot_Smart_Car/package.ps1'
[0.473s] INFO:colcon.colcon_core.shell:Creating package descriptor '/home/omar-yaseen/robot_ws/install/Robot_Smart_Car/share/Robot_Smart_Car/package.dsv'
[0.473s] INFO:colcon.colcon_core.shell:Creating package script '/home/omar-yaseen/robot_ws/install/Robot_Smart_Car/share/Robot_Smart_Car/package.sh'
[0.474s] INFO:colcon.colcon_core.shell:Creating package script '/home/omar-yaseen/robot_ws/install/Robot_Smart_Car/share/Robot_Smart_Car/package.bash'
[0.475s] INFO:colcon.colcon_core.shell:Creating package script '/home/omar-yaseen/robot_ws/install/Robot_Smart_Car/share/Robot_Smart_Car/package.zsh'
[0.475s] Level 1:colcon.colcon_core.environment:create_file_with_runtime_dependencies(/home/omar-yaseen/robot_ws/install/Robot_Smart_Car/share/colcon-core/packages/Robot_Smart_Car)
[0.476s] Level 1:colcon.colcon_core.environment:create_environment_scripts_only(Robot_Smart_Car)
[0.476s] Level 1:colcon.colcon_core.environment:checking '/home/omar-yaseen/robot_ws/install/Robot_Smart_Car' for CMake module files
[0.476s] Level 1:colcon.colcon_core.environment:checking '/home/omar-yaseen/robot_ws/install/Robot_Smart_Car' for CMake config files
[0.476s] Level 1:colcon.colcon_core.shell:create_environment_hook('Robot_Smart_Car', 'cmake_prefix_path')
[0.477s] INFO:colcon.colcon_core.shell:Creating environment hook '/home/omar-yaseen/robot_ws/install/Robot_Smart_Car/share/Robot_Smart_Car/hook/cmake_prefix_path.ps1'
[0.477s] INFO:colcon.colcon_core.shell:Creating environment descriptor '/home/omar-yaseen/robot_ws/install/Robot_Smart_Car/share/Robot_Smart_Car/hook/cmake_prefix_path.dsv'
[0.477s] INFO:colcon.colcon_core.shell:Creating environment hook '/home/omar-yaseen/robot_ws/install/Robot_Smart_Car/share/Robot_Smart_Car/hook/cmake_prefix_path.sh'
[0.478s] Level 1:colcon.colcon_core.environment:checking '/home/omar-yaseen/robot_ws/install/Robot_Smart_Car/lib'
[0.478s] Level 1:colcon.colcon_core.environment:checking '/home/omar-yaseen/robot_ws/install/Robot_Smart_Car/bin'
[0.478s] Level 1:colcon.colcon_core.environment:checking '/home/omar-yaseen/robot_ws/install/Robot_Smart_Car/lib/pkgconfig/Robot_Smart_Car.pc'
[0.478s] Level 1:colcon.colcon_core.environment:checking '/home/omar-yaseen/robot_ws/install/Robot_Smart_Car/lib/python3.12/site-packages'
[0.479s] Level 1:colcon.colcon_core.environment:checking '/home/omar-yaseen/robot_ws/install/Robot_Smart_Car/bin'
[0.479s] INFO:colcon.colcon_core.shell:Creating package script '/home/omar-yaseen/robot_ws/install/Robot_Smart_Car/share/Robot_Smart_Car/package.ps1'
[0.480s] INFO:colcon.colcon_core.shell:Creating package descriptor '/home/omar-yaseen/robot_ws/install/Robot_Smart_Car/share/Robot_Smart_Car/package.dsv'
[0.481s] INFO:colcon.colcon_core.shell:Creating package script '/home/omar-yaseen/robot_ws/install/Robot_Smart_Car/share/Robot_Smart_Car/package.sh'
[0.481s] INFO:colcon.colcon_core.shell:Creating package script '/home/omar-yaseen/robot_ws/install/Robot_Smart_Car/share/Robot_Smart_Car/package.bash'
[0.481s] INFO:colcon.colcon_core.shell:Creating package script '/home/omar-yaseen/robot_ws/install/Robot_Smart_Car/share/Robot_Smart_Car/package.zsh'
[0.482s] Level 1:colcon.colcon_core.environment:create_file_with_runtime_dependencies(/home/omar-yaseen/robot_ws/install/Robot_Smart_Car/share/colcon-core/packages/Robot_Smart_Car)
[0.484s] Level 1:colcon.colcon_core.environment:create_environment_scripts_only(motor_package)
[0.484s] Level 1:colcon.colcon_core.environment:checking '/home/omar-yaseen/robot_ws/install/motor_package' for CMake module files
[0.485s] DEBUG:colcon.colcon_core.event_handler.log_command:Invoked command in '/home/omar-yaseen/robot_ws/build/motor_package' returned '0': CMAKE_PREFIX_PATH=${CMAKE_PREFIX_PATH}:/opt/ros/jazzy DEBUGINFOD_URLS=https://debuginfod.ubuntu.com /usr/bin/cmake --install /home/omar-yaseen/robot_ws/build/motor_package
[0.485s] Level 1:colcon.colcon_core.environment:checking '/home/omar-yaseen/robot_ws/install/motor_package' for CMake config files
[0.485s] Level 1:colcon.colcon_core.shell:create_environment_hook('motor_package', 'cmake_prefix_path')
[0.486s] INFO:colcon.colcon_core.shell:Creating environment hook '/home/omar-yaseen/robot_ws/install/motor_package/share/motor_package/hook/cmake_prefix_path.ps1'
[0.486s] INFO:colcon.colcon_core.shell:Creating environment descriptor '/home/omar-yaseen/robot_ws/install/motor_package/share/motor_package/hook/cmake_prefix_path.dsv'
[0.486s] INFO:colcon.colcon_core.shell:Creating environment hook '/home/omar-yaseen/robot_ws/install/motor_package/share/motor_package/hook/cmake_prefix_path.sh'
[0.487s] Level 1:colcon.colcon_core.environment:checking '/home/omar-yaseen/robot_ws/install/motor_package/lib'
[0.487s] Level 1:colcon.colcon_core.environment:checking '/home/omar-yaseen/robot_ws/install/motor_package/bin'
[0.487s] Level 1:colcon.colcon_core.environment:checking '/home/omar-yaseen/robot_ws/install/motor_package/lib/pkgconfig/motor_package.pc'
[0.487s] Level 1:colcon.colcon_core.environment:checking '/home/omar-yaseen/robot_ws/install/motor_package/lib/python3.12/site-packages'
[0.488s] Level 1:colcon.colcon_core.environment:checking '/home/omar-yaseen/robot_ws/install/motor_package/bin'
[0.488s] INFO:colcon.colcon_core.shell:Creating package script '/home/omar-yaseen/robot_ws/install/motor_package/share/motor_package/package.ps1'
[0.489s] INFO:colcon.colcon_core.shell:Creating package descriptor '/home/omar-yaseen/robot_ws/install/motor_package/share/motor_package/package.dsv'
[0.489s] INFO:colcon.colcon_core.shell:Creating package script '/home/omar-yaseen/robot_ws/install/motor_package/share/motor_package/package.sh'
[0.490s] INFO:colcon.colcon_core.shell:Creating package script '/home/omar-yaseen/robot_ws/install/motor_package/share/motor_package/package.bash'
[0.490s] INFO:colcon.colcon_core.shell:Creating package script '/home/omar-yaseen/robot_ws/install/motor_package/share/motor_package/package.zsh'
[0.490s] Level 1:colcon.colcon_core.environment:create_file_with_runtime_dependencies(/home/omar-yaseen/robot_ws/install/motor_package/share/colcon-core/packages/motor_package)
[0.491s] Level 1:colcon.colcon_core.environment:create_environment_scripts_only(motor_package)
[0.491s] Level 1:colcon.colcon_core.environment:checking '/home/omar-yaseen/robot_ws/install/motor_package' for CMake module files
[0.492s] Level 1:colcon.colcon_core.environment:checking '/home/omar-yaseen/robot_ws/install/motor_package' for CMake config files
[0.492s] Level 1:colcon.colcon_core.shell:create_environment_hook('motor_package', 'cmake_prefix_path')
[0.492s] INFO:colcon.colcon_core.shell:Creating environment hook '/home/omar-yaseen/robot_ws/install/motor_package/share/motor_package/hook/cmake_prefix_path.ps1'
[0.493s] INFO:colcon.colcon_core.shell:Creating environment descriptor '/home/omar-yaseen/robot_ws/install/motor_package/share/motor_package/hook/cmake_prefix_path.dsv'
[0.493s] INFO:colcon.colcon_core.shell:Creating environment hook '/home/omar-yaseen/robot_ws/install/motor_package/share/motor_package/hook/cmake_prefix_path.sh'
[0.494s] Level 1:colcon.colcon_core.environment:checking '/home/omar-yaseen/robot_ws/install/motor_package/lib'
[0.494s] Level 1:colcon.colcon_core.environment:checking '/home/omar-yaseen/robot_ws/install/motor_package/bin'
[0.494s] Level 1:colcon.colcon_core.environment:checking '/home/omar-yaseen/robot_ws/install/motor_package/lib/pkgconfig/motor_package.pc'
[0.494s] Level 1:colcon.colcon_core.environment:checking '/home/omar-yaseen/robot_ws/install/motor_package/lib/python3.12/site-packages'
[0.494s] Level 1:colcon.colcon_core.environment:checking '/home/omar-yaseen/robot_ws/install/motor_package/bin'
[0.495s] INFO:colcon.colcon_core.shell:Creating package script '/home/omar-yaseen/robot_ws/install/motor_package/share/motor_package/package.ps1'
[0.495s] INFO:colcon.colcon_core.shell:Creating package descriptor '/home/omar-yaseen/robot_ws/install/motor_package/share/motor_package/package.dsv'
[0.496s] INFO:colcon.colcon_core.shell:Creating package script '/home/omar-yaseen/robot_ws/install/motor_package/share/motor_package/package.sh'
[0.496s] INFO:colcon.colcon_core.shell:Creating package script '/home/omar-yaseen/robot_ws/install/motor_package/share/motor_package/package.bash'
[0.496s] INFO:colcon.colcon_core.shell:Creating package script '/home/omar-yaseen/robot_ws/install/motor_package/share/motor_package/package.zsh'
[0.497s] Level 1:colcon.colcon_core.environment:create_file_with_runtime_dependencies(/home/omar-yaseen/robot_ws/install/motor_package/share/colcon-core/packages/motor_package)
[0.497s] Level 1:colcon.colcon_core.environment:create_environment_scripts_only(sensor_package)
[0.497s] Level 1:colcon.colcon_core.environment:checking '/home/omar-yaseen/robot_ws/install/sensor_package' for CMake module files
[0.498s] Level 1:colcon.colcon_core.environment:checking '/home/omar-yaseen/robot_ws/install/sensor_package' for CMake config files
[0.499s] DEBUG:colcon.colcon_core.event_handler.log_command:Invoked command in '/home/omar-yaseen/robot_ws/build/sensor_package' returned '0': CMAKE_PREFIX_PATH=${CMAKE_PREFIX_PATH}:/opt/ros/jazzy DEBUGINFOD_URLS=https://debuginfod.ubuntu.com /usr/bin/cmake --install /home/omar-yaseen/robot_ws/build/sensor_package
[0.499s] Level 1:colcon.colcon_core.shell:create_environment_hook('sensor_package', 'cmake_prefix_path')
[0.499s] INFO:colcon.colcon_core.shell:Creating environment hook '/home/omar-yaseen/robot_ws/install/sensor_package/share/sensor_package/hook/cmake_prefix_path.ps1'
[0.499s] INFO:colcon.colcon_core.shell:Creating environment descriptor '/home/omar-yaseen/robot_ws/install/sensor_package/share/sensor_package/hook/cmake_prefix_path.dsv'
[0.500s] INFO:colcon.colcon_core.shell:Creating environment hook '/home/omar-yaseen/robot_ws/install/sensor_package/share/sensor_package/hook/cmake_prefix_path.sh'
[0.500s] Level 1:colcon.colcon_core.environment:checking '/home/omar-yaseen/robot_ws/install/sensor_package/lib'
[0.500s] Level 1:colcon.colcon_core.environment:checking '/home/omar-yaseen/robot_ws/install/sensor_package/bin'
[0.500s] Level 1:colcon.colcon_core.environment:checking '/home/omar-yaseen/robot_ws/install/sensor_package/lib/pkgconfig/sensor_package.pc'
[0.501s] Level 1:colcon.colcon_core.environment:checking '/home/omar-yaseen/robot_ws/install/sensor_package/lib/python3.12/site-packages'
[0.501s] Level 1:colcon.colcon_core.environment:checking '/home/omar-yaseen/robot_ws/install/sensor_package/bin'
[0.501s] INFO:colcon.colcon_core.shell:Creating package script '/home/omar-yaseen/robot_ws/install/sensor_package/share/sensor_package/package.ps1'
[0.502s] INFO:colcon.colcon_core.shell:Creating package descriptor '/home/omar-yaseen/robot_ws/install/sensor_package/share/sensor_package/package.dsv'
[0.502s] INFO:colcon.colcon_core.shell:Creating package script '/home/omar-yaseen/robot_ws/install/sensor_package/share/sensor_package/package.sh'
[0.503s] INFO:colcon.colcon_core.shell:Creating package script '/home/omar-yaseen/robot_ws/install/sensor_package/share/sensor_package/package.bash'
[0.503s] INFO:colcon.colcon_core.shell:Creating package script '/home/omar-yaseen/robot_ws/install/sensor_package/share/sensor_package/package.zsh'
[0.503s] Level 1:colcon.colcon_core.environment:create_file_with_runtime_dependencies(/home/omar-yaseen/robot_ws/install/sensor_package/share/colcon-core/packages/sensor_package)
[0.504s] Level 1:colcon.colcon_core.environment:create_environment_scripts_only(sensor_package)
[0.504s] Level 1:colcon.colcon_core.environment:checking '/home/omar-yaseen/robot_ws/install/sensor_package' for CMake module files
[0.504s] Level 1:colcon.colcon_core.environment:checking '/home/omar-yaseen/robot_ws/install/sensor_package' for CMake config files
[0.504s] Level 1:colcon.colcon_core.shell:create_environment_hook('sensor_package', 'cmake_prefix_path')
[0.505s] INFO:colcon.colcon_core.shell:Creating environment hook '/home/omar-yaseen/robot_ws/install/sensor_package/share/sensor_package/hook/cmake_prefix_path.ps1'
[0.505s] INFO:colcon.colcon_core.shell:Creating environment descriptor '/home/omar-yaseen/robot_ws/install/sensor_package/share/sensor_package/hook/cmake_prefix_path.dsv'
[0.506s] INFO:colcon.colcon_core.shell:Creating environment hook '/home/omar-yaseen/robot_ws/install/sensor_package/share/sensor_package/hook/cmake_prefix_path.sh'
[0.506s] Level 1:colcon.colcon_core.environment:checking '/home/omar-yaseen/robot_ws/install/sensor_package/lib'
[0.506s] Level 1:colcon.colcon_core.environment:checking '/home/omar-yaseen/robot_ws/install/sensor_package/bin'
[0.507s] Level 1:colcon.colcon_core.environment:checking '/home/omar-yaseen/robot_ws/install/sensor_package/lib/pkgconfig/sensor_package.pc'
[0.507s] Level 1:colcon.colcon_core.environment:checking '/home/omar-yaseen/robot_ws/install/sensor_package/lib/python3.12/site-packages'
[0.507s] Level 1:colcon.colcon_core.environment:checking '/home/omar-yaseen/robot_ws/install/sensor_package/bin'
[0.507s] INFO:colcon.colcon_core.shell:Creating package script '/home/omar-yaseen/robot_ws/install/sensor_package/share/sensor_package/package.ps1'
[0.508s] INFO:colcon.colcon_core.shell:Creating package descriptor '/home/omar-yaseen/robot_ws/install/sensor_package/share/sensor_package/package.dsv'
[0.509s] INFO:colcon.colcon_core.shell:Creating package script '/home/omar-yaseen/robot_ws/install/sensor_package/share/sensor_package/package.sh'
[0.509s] INFO:colcon.colcon_core.shell:Creating package script '/home/omar-yaseen/robot_ws/install/sensor_package/share/sensor_package/package.bash'
[0.509s] INFO:colcon.colcon_core.shell:Creating package script '/home/omar-yaseen/robot_ws/install/sensor_package/share/sensor_package/package.zsh'
[0.510s] Level 1:colcon.colcon_core.environment:create_file_with_runtime_dependencies(/home/omar-yaseen/robot_ws/install/sensor_package/share/colcon-core/packages/sensor_package)
[9.243s] DEBUG:colcon.colcon_core.event_handler.log_command:Invoked command in '/home/omar-yaseen/robot_ws/build/obstacle_package' returned '0': CMAKE_PREFIX_PATH=${CMAKE_PREFIX_PATH}:/opt/ros/jazzy DEBUGINFOD_URLS=https://debuginfod.ubuntu.com /usr/bin/cmake --build /home/omar-yaseen/robot_ws/build/obstacle_package -- -j16 -l16
[9.245s] DEBUG:colcon.colcon_core.event_handler.log_command:Invoking command in '/home/omar-yaseen/robot_ws/build/obstacle_package': CMAKE_PREFIX_PATH=${CMAKE_PREFIX_PATH}:/opt/ros/jazzy DEBUGINFOD_URLS=https://debuginfod.ubuntu.com /usr/bin/cmake --install /home/omar-yaseen/robot_ws/build/obstacle_package
[9.271s] Level 1:colcon.colcon_core.environment:create_environment_scripts_only(obstacle_package)
[9.272s] Level 1:colcon.colcon_core.environment:checking '/home/omar-yaseen/robot_ws/install/obstacle_package' for CMake module files
[9.274s] DEBUG:colcon.colcon_core.event_handler.log_command:Invoked command in '/home/omar-yaseen/robot_ws/build/obstacle_package' returned '0': CMAKE_PREFIX_PATH=${CMAKE_PREFIX_PATH}:/opt/ros/jazzy DEBUGINFOD_URLS=https://debuginfod.ubuntu.com /usr/bin/cmake --install /home/omar-yaseen/robot_ws/build/obstacle_package
[9.275s] Level 1:colcon.colcon_core.environment:checking '/home/omar-yaseen/robot_ws/install/obstacle_package' for CMake config files
[9.276s] Level 1:colcon.colcon_core.shell:create_environment_hook('obstacle_package', 'cmake_prefix_path')
[9.276s] INFO:colcon.colcon_core.shell:Creating environment hook '/home/omar-yaseen/robot_ws/install/obstacle_package/share/obstacle_package/hook/cmake_prefix_path.ps1'
[9.277s] INFO:colcon.colcon_core.shell:Creating environment descriptor '/home/omar-yaseen/robot_ws/install/obstacle_package/share/obstacle_package/hook/cmake_prefix_path.dsv'
[9.277s] INFO:colcon.colcon_core.shell:Creating environment hook '/home/omar-yaseen/robot_ws/install/obstacle_package/share/obstacle_package/hook/cmake_prefix_path.sh'
[9.278s] Level 1:colcon.colcon_core.environment:checking '/home/omar-yaseen/robot_ws/install/obstacle_package/lib'
[9.278s] Level 1:colcon.colcon_core.environment:checking '/home/omar-yaseen/robot_ws/install/obstacle_package/bin'
[9.278s] Level 1:colcon.colcon_core.environment:checking '/home/omar-yaseen/robot_ws/install/obstacle_package/lib/pkgconfig/obstacle_package.pc'
[9.278s] Level 1:colcon.colcon_core.environment:checking '/home/omar-yaseen/robot_ws/install/obstacle_package/lib/python3.12/site-packages'
[9.279s] Level 1:colcon.colcon_core.environment:checking '/home/omar-yaseen/robot_ws/install/obstacle_package/bin'
[9.279s] INFO:colcon.colcon_core.shell:Creating package script '/home/omar-yaseen/robot_ws/install/obstacle_package/share/obstacle_package/package.ps1'
[9.281s] INFO:colcon.colcon_core.shell:Creating package descriptor '/home/omar-yaseen/robot_ws/install/obstacle_package/share/obstacle_package/package.dsv'
[9.282s] INFO:colcon.colcon_core.shell:Creating package script '/home/omar-yaseen/robot_ws/install/obstacle_package/share/obstacle_package/package.sh'
[9.282s] INFO:colcon.colcon_core.shell:Creating package script '/home/omar-yaseen/robot_ws/install/obstacle_package/share/obstacle_package/package.bash'
[9.283s] INFO:colcon.colcon_core.shell:Creating package script '/home/omar-yaseen/robot_ws/install/obstacle_package/share/obstacle_package/package.zsh'
[9.284s] Level 1:colcon.colcon_core.environment:create_file_with_runtime_dependencies(/home/omar-yaseen/robot_ws/install/obstacle_package/share/colcon-core/packages/obstacle_package)
[9.285s] Level 1:colcon.colcon_core.environment:create_environment_scripts_only(obstacle_package)
[9.285s] Level 1:colcon.colcon_core.environment:checking '/home/omar-yaseen/robot_ws/install/obstacle_package' for CMake module files
[9.287s] Level 1:colcon.colcon_core.environment:checking '/home/omar-yaseen/robot_ws/install/obstacle_package' for CMake config files
[9.287s] Level 1:colcon.colcon_core.shell:create_environment_hook('obstacle_package', 'cmake_prefix_path')
[9.287s] INFO:colcon.colcon_core.shell:Creating environment hook '/home/omar-yaseen/robot_ws/install/obstacle_package/share/obstacle_package/hook/cmake_prefix_path.ps1'
[9.289s] INFO:colcon.colcon_core.shell:Creating environment descriptor '/home/omar-yaseen/robot_ws/install/obstacle_package/share/obstacle_package/hook/cmake_prefix_path.dsv'
[9.290s] INFO:colcon.colcon_core.shell:Creating environment hook '/home/omar-yaseen/robot_ws/install/obstacle_package/share/obstacle_package/hook/cmake_prefix_path.sh'
[9.293s] Level 1:colcon.colcon_core.environment:checking '/home/omar-yaseen/robot_ws/install/obstacle_package/lib'
[9.294s] Level 1:colcon.colcon_core.environment:checking '/home/omar-yaseen/robot_ws/install/obstacle_package/bin'
[9.294s] Level 1:colcon.colcon_core.environment:checking '/home/omar-yaseen/robot_ws/install/obstacle_package/lib/pkgconfig/obstacle_package.pc'
[9.295s] Level 1:colcon.colcon_core.environment:checking '/home/omar-yaseen/robot_ws/install/obstacle_package/lib/python3.12/site-packages'
[9.296s] Level 1:colcon.colcon_core.environment:checking '/home/omar-yaseen/robot_ws/install/obstacle_package/bin'
[9.296s] INFO:colcon.colcon_core.shell:Creating package script '/home/omar-yaseen/robot_ws/install/obstacle_package/share/obstacle_package/package.ps1'
[9.299s] INFO:colcon.colcon_core.shell:Creating package descriptor '/home/omar-yaseen/robot_ws/install/obstacle_package/share/obstacle_package/package.dsv'
[9.300s] INFO:colcon.colcon_core.shell:Creating package script '/home/omar-yaseen/robot_ws/install/obstacle_package/share/obstacle_package/package.sh'
[9.301s] INFO:colcon.colcon_core.shell:Creating package script '/home/omar-yaseen/robot_ws/install/obstacle_package/share/obstacle_package/package.bash'
[9.302s] INFO:colcon.colcon_core.shell:Creating package script '/home/omar-yaseen/robot_ws/install/obstacle_package/share/obstacle_package/package.zsh'
[9.303s] Level 1:colcon.colcon_core.environment:create_file_with_runtime_dependencies(/home/omar-yaseen/robot_ws/install/obstacle_package/share/colcon-core/packages/obstacle_package)
[9.303s] DEBUG:colcon.colcon_parallel_executor.executor.parallel:closing loop
[9.305s] DEBUG:colcon.colcon_parallel_executor.executor.parallel:loop closed
[9.305s] DEBUG:colcon.colcon_parallel_executor.executor.parallel:run_until_complete finished with '0'
[9.305s] DEBUG:colcon.colcon_core.event_reactor:joining thread
[9.320s] INFO:colcon.colcon_core.plugin_system:Skipping extension 'colcon_notification.desktop_notification.terminal_notifier': Not used on non-Darwin systems
[9.320s] INFO:colcon.colcon_core.plugin_system:Skipping extension 'colcon_notification.desktop_notification.win32': Not used on non-Windows systems
[9.320s] INFO:colcon.colcon_notification.desktop_notification:Sending desktop notification using 'notify2'
[9.339s] DEBUG:colcon.colcon_core.event_reactor:joined thread
[9.339s] INFO:colcon.colcon_core.shell:Creating prefix script '/home/omar-yaseen/robot_ws/install/local_setup.ps1'
[9.341s] INFO:colcon.colcon_core.shell:Creating prefix util module '/home/omar-yaseen/robot_ws/install/_local_setup_util_ps1.py'
[9.342s] INFO:colcon.colcon_core.shell:Creating prefix chain script '/home/omar-yaseen/robot_ws/install/setup.ps1'
[9.344s] INFO:colcon.colcon_core.shell:Creating prefix script '/home/omar-yaseen/robot_ws/install/local_setup.sh'
[9.344s] INFO:colcon.colcon_core.shell:Creating prefix util module '/home/omar-yaseen/robot_ws/install/_local_setup_util_sh.py'
[9.345s] INFO:colcon.colcon_core.shell:Creating prefix chain script '/home/omar-yaseen/robot_ws/install/setup.sh'
[9.346s] INFO:colcon.colcon_core.shell:Creating prefix script '/home/omar-yaseen/robot_ws/install/local_setup.bash'
[9.347s] INFO:colcon.colcon_core.shell:Creating prefix chain script '/home/omar-yaseen/robot_ws/install/setup.bash'
[9.348s] INFO:colcon.colcon_core.shell:Creating prefix script '/home/omar-yaseen/robot_ws/install/local_setup.zsh'
[9.349s] INFO:colcon.colcon_core.shell:Creating prefix chain script '/home/omar-yaseen/robot_ws/install/setup.zsh'
