[0.013s] Invoking command in '/home/omar-yaseen/robot_ws/build/Robot_Smart_Car': CMAKE_PREFIX_PATH=${CMAKE_PREFIX_PATH}:/opt/ros/jazzy DEBUGINFOD_URLS=https://debuginfod.ubuntu.com /usr/bin/cmake --build /home/omar-yaseen/robot_ws/build/Robot_Smart_Car -- -j16 -l16
[0.091s] [ 50%] [32mBuilding CXX object CMakeFiles/full_sensor_node.dir/src/full_sensor_node.cpp.o[0m
[10.287s] [100%] [32m[1mLinking CXX executable full_sensor_node[0m
[10.685s] [100%] Built target full_sensor_node
[10.697s] Invoked command in '/home/omar-yaseen/robot_ws/build/Robot_Smart_Car' returned '0': CMAKE_PREFIX_PATH=${CMAKE_PREFIX_PATH}:/opt/ros/jazzy DEBUGINFOD_URLS=https://debuginfod.ubuntu.com /usr/bin/cmake --build /home/omar-yaseen/robot_ws/build/Robot_Smart_Car -- -j16 -l16
[10.709s] Invoking command in '/home/omar-yaseen/robot_ws/build/Robot_Smart_Car': CMAKE_PREFIX_PATH=${CMAKE_PREFIX_PATH}:/opt/ros/jazzy DEBUGINFOD_URLS=https://debuginfod.ubuntu.com /usr/bin/cmake --install /home/omar-yaseen/robot_ws/build/Robot_Smart_Car
[10.720s] -- Install configuration: ""
[10.720s] -- Installing: /home/omar-yaseen/robot_ws/install/Robot_Smart_Car/lib/Robot_Smart_Car/full_sensor_node
[10.725s] -- Set non-toolchain portion of runtime path of "/home/omar-yaseen/robot_ws/install/Robot_Smart_Car/lib/Robot_Smart_Car/full_sensor_node" to ""
[10.725s] -- Up-to-date: /home/omar-yaseen/robot_ws/install/Robot_Smart_Car/share/Robot_Smart_Car/urdf
[10.726s] -- Up-to-date: /home/omar-yaseen/robot_ws/install/Robot_Smart_Car/share/Robot_Smart_Car/urdf/Robot_Smart_Car.urdf
[10.726s] -- Up-to-date: /home/omar-yaseen/robot_ws/install/Robot_Smart_Car/share/Robot_Smart_Car/urdf/Robot_Smart_Car.csv
[10.726s] -- Up-to-date: /home/omar-yaseen/robot_ws/install/Robot_Smart_Car/share/Robot_Smart_Car/launch
[10.726s] -- Up-to-date: /home/omar-yaseen/robot_ws/install/Robot_Smart_Car/share/Robot_Smart_Car/launch/display.launch.xml
[10.726s] -- Up-to-date: /home/omar-yaseen/robot_ws/install/Robot_Smart_Car/share/Robot_Smart_Car/meshes
[10.726s] -- Up-to-date: /home/omar-yaseen/robot_ws/install/Robot_Smart_Car/share/Robot_Smart_Car/meshes/left_wheel_link.STL
[10.726s] -- Up-to-date: /home/omar-yaseen/robot_ws/install/Robot_Smart_Car/share/Robot_Smart_Car/meshes/right_wheel_link.STL
[10.726s] -- Up-to-date: /home/omar-yaseen/robot_ws/install/Robot_Smart_Car/share/Robot_Smart_Car/meshes/caster.STL
[10.726s] -- Up-to-date: /home/omar-yaseen/robot_ws/install/Robot_Smart_Car/share/Robot_Smart_Car/meshes/base_link.STL
[10.727s] -- Up-to-date: /home/omar-yaseen/robot_ws/install/Robot_Smart_Car/share/Robot_Smart_Car/meshes/caster_wheel_link.STL
[10.727s] -- Up-to-date: /home/omar-yaseen/robot_ws/install/Robot_Smart_Car/share/ament_index/resource_index/package_run_dependencies/Robot_Smart_Car
[10.727s] -- Up-to-date: /home/omar-yaseen/robot_ws/install/Robot_Smart_Car/share/ament_index/resource_index/parent_prefix_path/Robot_Smart_Car
[10.727s] -- Up-to-date: /home/omar-yaseen/robot_ws/install/Robot_Smart_Car/share/Robot_Smart_Car/environment/ament_prefix_path.sh
[10.727s] -- Up-to-date: /home/omar-yaseen/robot_ws/install/Robot_Smart_Car/share/Robot_Smart_Car/environment/ament_prefix_path.dsv
[10.727s] -- Up-to-date: /home/omar-yaseen/robot_ws/install/Robot_Smart_Car/share/Robot_Smart_Car/environment/path.sh
[10.727s] -- Up-to-date: /home/omar-yaseen/robot_ws/install/Robot_Smart_Car/share/Robot_Smart_Car/environment/path.dsv
[10.727s] -- Up-to-date: /home/omar-yaseen/robot_ws/install/Robot_Smart_Car/share/Robot_Smart_Car/local_setup.bash
[10.727s] -- Up-to-date: /home/omar-yaseen/robot_ws/install/Robot_Smart_Car/share/Robot_Smart_Car/local_setup.sh
[10.727s] -- Up-to-date: /home/omar-yaseen/robot_ws/install/Robot_Smart_Car/share/Robot_Smart_Car/local_setup.zsh
[10.727s] -- Up-to-date: /home/omar-yaseen/robot_ws/install/Robot_Smart_Car/share/Robot_Smart_Car/local_setup.dsv
[10.727s] -- Installing: /home/omar-yaseen/robot_ws/install/Robot_Smart_Car/share/Robot_Smart_Car/package.dsv
[10.727s] -- Up-to-date: /home/omar-yaseen/robot_ws/install/Robot_Smart_Car/share/ament_index/resource_index/packages/Robot_Smart_Car
[10.728s] -- Up-to-date: /home/omar-yaseen/robot_ws/install/Robot_Smart_Car/share/Robot_Smart_Car/cmake/Robot_Smart_CarConfig.cmake
[10.728s] -- Up-to-date: /home/omar-yaseen/robot_ws/install/Robot_Smart_Car/share/Robot_Smart_Car/cmake/Robot_Smart_CarConfig-version.cmake
[10.728s] -- Up-to-date: /home/omar-yaseen/robot_ws/install/Robot_Smart_Car/share/Robot_Smart_Car/package.xml
[10.730s] Invoked command in '/home/omar-yaseen/robot_ws/build/Robot_Smart_Car' returned '0': CMAKE_PREFIX_PATH=${CMAKE_PREFIX_PATH}:/opt/ros/jazzy DEBUGINFOD_URLS=https://debuginfod.ubuntu.com /usr/bin/cmake --install /home/omar-yaseen/robot_ws/build/Robot_Smart_Car
