-- The C compiler identification is GNU 13.3.0
-- The CXX compiler identification is GNU 13.3.0
-- Detecting C compiler ABI info
-- Detecting C compiler ABI info - done
-- Check for working C compiler: /usr/bin/cc - skipped
-- Detecting C compile features
-- Detecting C compile features - done
-- Detecting CXX compiler ABI info
-- Detecting CXX compiler ABI info - done
-- Check for working CXX compiler: /usr/bin/c++ - skipped
-- Detecting CXX compile features
-- Detecting CXX compile features - done
-- Found ament_cmake: 2.5.5 (/opt/ros/jazzy/share/ament_cmake/cmake)
-- Found Python3: /usr/bin/python3 (found version "3.12.3") found components: Interpreter 
-- Found rclcpp: 28.1.16 (/opt/ros/jazzy/share/rclcpp/cmake)
-- Found rosidl_generator_c: 4.6.7 (/opt/ros/jazzy/share/rosidl_generator_c/cmake)
-- Found rosidl_generator_cpp: 4.6.7 (/opt/ros/jazzy/share/rosidl_generator_cpp/cmake)
-- Using all available rosidl_typesupport_c: rosidl_typesupport_fastrtps_c;rosidl_typesupport_introspection_c
-- Using all available rosidl_typesupport_cpp: rosidl_typesupport_fastrtps_cpp;rosidl_typesupport_introspection_cpp
-- Found rmw_implementation_cmake: 7.3.3 (/opt/ros/jazzy/share/rmw_implementation_cmake/cmake)
-- Found rmw_fastrtps_cpp: 8.4.3 (/opt/ros/jazzy/share/rmw_fastrtps_cpp/cmake)
-- Found OpenSSL: /usr/lib/x86_64-linux-gnu/libcrypto.so (found version "3.0.13")  
-- Found FastRTPS: /opt/ros/jazzy/include (Required is at least version "2.13") 
-- Using RMW implementation 'rmw_fastrtps_cpp' as default
-- Found std_msgs: 5.3.6 (/opt/ros/jazzy/share/std_msgs/cmake)
-- Configuring done (1.4s)
-- Generating done (0.0s)
-- Build files have been written to: /home/omar-yaseen/robot_ws/build/motor_package
[ 50%] [32mBuilding CXX object CMakeFiles/motor_node.dir/src/motor_node.cpp.o[0m
[100%] [32m[1mLinking CXX executable motor_node[0m
[100%] Built target motor_node
-- Install configuration: ""
-- Installing: /home/omar-yaseen/robot_ws/install/motor_package/lib/motor_package/motor_node
-- Set non-toolchain portion of runtime path of "/home/omar-yaseen/robot_ws/install/motor_package/lib/motor_package/motor_node" to ""
-- Installing: /home/omar-yaseen/robot_ws/install/motor_package/share/ament_index/resource_index/package_run_dependencies/motor_package
-- Installing: /home/omar-yaseen/robot_ws/install/motor_package/share/ament_index/resource_index/parent_prefix_path/motor_package
-- Installing: /home/omar-yaseen/robot_ws/install/motor_package/share/motor_package/environment/ament_prefix_path.sh
-- Installing: /home/omar-yaseen/robot_ws/install/motor_package/share/motor_package/environment/ament_prefix_path.dsv
-- Installing: /home/omar-yaseen/robot_ws/install/motor_package/share/motor_package/environment/path.sh
-- Installing: /home/omar-yaseen/robot_ws/install/motor_package/share/motor_package/environment/path.dsv
-- Installing: /home/omar-yaseen/robot_ws/install/motor_package/share/motor_package/local_setup.bash
-- Installing: /home/omar-yaseen/robot_ws/install/motor_package/share/motor_package/local_setup.sh
-- Installing: /home/omar-yaseen/robot_ws/install/motor_package/share/motor_package/local_setup.zsh
-- Installing: /home/omar-yaseen/robot_ws/install/motor_package/share/motor_package/local_setup.dsv
-- Installing: /home/omar-yaseen/robot_ws/install/motor_package/share/motor_package/package.dsv
-- Installing: /home/omar-yaseen/robot_ws/install/motor_package/share/ament_index/resource_index/packages/motor_package
-- Installing: /home/omar-yaseen/robot_ws/install/motor_package/share/motor_package/cmake/motor_packageConfig.cmake
-- Installing: /home/omar-yaseen/robot_ws/install/motor_package/share/motor_package/cmake/motor_packageConfig-version.cmake
-- Installing: /home/omar-yaseen/robot_ws/install/motor_package/share/motor_package/package.xml
