[0.118s] DEBUG:colcon:Command line arguments: ['/usr/bin/colcon', 'build', '--packages-select', 'Robot_Smart_Car']
[0.118s] DEBUG:colcon:Parsed command line arguments: Namespace(log_base=None, log_level=None, verb_name='build', build_base='build', install_base='install', merge_install=False, symlink_install=False, test_result_base=None, continue_on_error=False, executor='parallel', parallel_workers=16, event_handlers=None, ignore_user_meta=False, metas=['./colcon.meta'], base_paths=['.'], packages_ignore=None, packages_ignore_regex=None, paths=None, packages_up_to=None, packages_up_to_regex=None, packages_above=None, packages_above_and_dependencies=None, packages_above_depth=None, packages_select_by_dep=None, packages_skip_by_dep=None, packages_skip_up_to=None, packages_select_build_failed=False, packages_skip_build_finished=False, packages_select_test_failures=False, packages_skip_test_passed=False, packages_select=['Robot_Smart_Car'], packages_skip=None, packages_select_regex=None, packages_skip_regex=None, packages_start=None, packages_end=None, allow_overriding=[], cmake_args=None, cmake_target=None, cmake_target_skip_unavailable=False, cmake_clean_cache=False, cmake_clean_first=False, cmake_force_configure=False, ament_cmake_args=None, catkin_cmake_args=None, catkin_skip_building_tests=False, mixin_files=None, mixin=None, verb_parser=<colcon_mixin.mixin.mixin_argument.MixinArgumentDecorator object at 0x75b119967fe0>, verb_extension=<colcon_core.verb.build.BuildVerb object at 0x75b119967d70>, main=<bound method BuildVerb.main of <colcon_core.verb.build.BuildVerb object at 0x75b119967d70>>, mixin_verb=('build',))
[0.162s] Level 1:colcon.colcon_core.package_discovery:discover_packages(colcon_meta) check parameters
[0.162s] Level 1:colcon.colcon_core.package_discovery:discover_packages(recursive) check parameters
[0.162s] Level 1:colcon.colcon_core.package_discovery:discover_packages(ignore) check parameters
[0.162s] Level 1:colcon.colcon_core.package_discovery:discover_packages(path) check parameters
[0.162s] Level 1:colcon.colcon_core.package_discovery:discover_packages(colcon_meta) discover
[0.162s] Level 1:colcon.colcon_core.package_discovery:discover_packages(recursive) discover
[0.162s] INFO:colcon.colcon_core.package_discovery:Crawling recursively for packages in '/home/omar-yaseen/robot_ws'
[0.162s] Level 1:colcon.colcon_core.package_identification:_identify(.) by extensions ['ignore', 'ignore_ament_install']
[0.162s] Level 1:colcon.colcon_core.package_identification:_identify(.) by extension 'ignore'
[0.162s] Level 1:colcon.colcon_core.package_identification:_identify(.) by extension 'ignore_ament_install'
[0.162s] Level 1:colcon.colcon_core.package_identification:_identify(.) by extensions ['colcon_pkg']
[0.162s] Level 1:colcon.colcon_core.package_identification:_identify(.) by extension 'colcon_pkg'
[0.162s] Level 1:colcon.colcon_core.package_identification:_identify(.) by extensions ['colcon_meta']
[0.162s] Level 1:colcon.colcon_core.package_identification:_identify(.) by extension 'colcon_meta'
[0.162s] Level 1:colcon.colcon_core.package_identification:_identify(.) by extensions ['ros']
[0.162s] Level 1:colcon.colcon_core.package_identification:_identify(.) by extension 'ros'
[0.193s] Level 1:colcon.colcon_core.package_identification:_identify(.) by extensions ['cmake', 'python']
[0.193s] Level 1:colcon.colcon_core.package_identification:_identify(.) by extension 'cmake'
[0.193s] Level 1:colcon.colcon_core.package_identification:_identify(.) by extension 'python'
[0.193s] Level 1:colcon.colcon_core.package_identification:_identify(.) by extensions ['python_setup_py']
[0.193s] Level 1:colcon.colcon_core.package_identification:_identify(.) by extension 'python_setup_py'
[0.193s] Level 1:colcon.colcon_core.package_identification:_identify(build) by extensions ['ignore', 'ignore_ament_install']
[0.194s] Level 1:colcon.colcon_core.package_identification:_identify(build) by extension 'ignore'
[0.194s] Level 1:colcon.colcon_core.package_identification:_identify(build) ignored
[0.194s] Level 1:colcon.colcon_core.package_identification:_identify(install) by extensions ['ignore', 'ignore_ament_install']
[0.194s] Level 1:colcon.colcon_core.package_identification:_identify(install) by extension 'ignore'
[0.194s] Level 1:colcon.colcon_core.package_identification:_identify(install) ignored
[0.194s] Level 1:colcon.colcon_core.package_identification:_identify(log) by extensions ['ignore', 'ignore_ament_install']
[0.194s] Level 1:colcon.colcon_core.package_identification:_identify(log) by extension 'ignore'
[0.194s] Level 1:colcon.colcon_core.package_identification:_identify(log) ignored
[0.194s] Level 1:colcon.colcon_core.package_identification:_identify(src) by extensions ['ignore', 'ignore_ament_install']
[0.194s] Level 1:colcon.colcon_core.package_identification:_identify(src) by extension 'ignore'
[0.194s] Level 1:colcon.colcon_core.package_identification:_identify(src) by extension 'ignore_ament_install'
[0.194s] Level 1:colcon.colcon_core.package_identification:_identify(src) by extensions ['colcon_pkg']
[0.194s] Level 1:colcon.colcon_core.package_identification:_identify(src) by extension 'colcon_pkg'
[0.194s] Level 1:colcon.colcon_core.package_identification:_identify(src) by extensions ['colcon_meta']
[0.194s] Level 1:colcon.colcon_core.package_identification:_identify(src) by extension 'colcon_meta'
[0.195s] Level 1:colcon.colcon_core.package_identification:_identify(src) by extensions ['ros']
[0.195s] Level 1:colcon.colcon_core.package_identification:_identify(src) by extension 'ros'
[0.195s] Level 1:colcon.colcon_core.package_identification:_identify(src) by extensions ['cmake', 'python']
[0.195s] Level 1:colcon.colcon_core.package_identification:_identify(src) by extension 'cmake'
[0.195s] Level 1:colcon.colcon_core.package_identification:_identify(src) by extension 'python'
[0.195s] Level 1:colcon.colcon_core.package_identification:_identify(src) by extensions ['python_setup_py']
[0.195s] Level 1:colcon.colcon_core.package_identification:_identify(src) by extension 'python_setup_py'
[0.195s] Level 1:colcon.colcon_core.package_identification:_identify(src/Robot_Smart_Car) by extensions ['ignore', 'ignore_ament_install']
[0.195s] Level 1:colcon.colcon_core.package_identification:_identify(src/Robot_Smart_Car) by extension 'ignore'
[0.195s] Level 1:colcon.colcon_core.package_identification:_identify(src/Robot_Smart_Car) by extension 'ignore_ament_install'
[0.195s] Level 1:colcon.colcon_core.package_identification:_identify(src/Robot_Smart_Car) by extensions ['colcon_pkg']
[0.195s] Level 1:colcon.colcon_core.package_identification:_identify(src/Robot_Smart_Car) by extension 'colcon_pkg'
[0.195s] Level 1:colcon.colcon_core.package_identification:_identify(src/Robot_Smart_Car) by extensions ['colcon_meta']
[0.195s] Level 1:colcon.colcon_core.package_identification:_identify(src/Robot_Smart_Car) by extension 'colcon_meta'
[0.195s] Level 1:colcon.colcon_core.package_identification:_identify(src/Robot_Smart_Car) by extensions ['ros']
[0.195s] Level 1:colcon.colcon_core.package_identification:_identify(src/Robot_Smart_Car) by extension 'ros'
[0.198s] DEBUG:colcon.colcon_core.package_identification:Package 'src/Robot_Smart_Car' with type 'ros.ament_cmake' and name 'Robot_Smart_Car'
[0.198s] Level 1:colcon.colcon_core.package_identification:_identify(src/motor_package) by extensions ['ignore', 'ignore_ament_install']
[0.199s] Level 1:colcon.colcon_core.package_identification:_identify(src/motor_package) by extension 'ignore'
[0.199s] Level 1:colcon.colcon_core.package_identification:_identify(src/motor_package) by extension 'ignore_ament_install'
[0.199s] Level 1:colcon.colcon_core.package_identification:_identify(src/motor_package) by extensions ['colcon_pkg']
[0.199s] Level 1:colcon.colcon_core.package_identification:_identify(src/motor_package) by extension 'colcon_pkg'
[0.199s] Level 1:colcon.colcon_core.package_identification:_identify(src/motor_package) by extensions ['colcon_meta']
[0.199s] Level 1:colcon.colcon_core.package_identification:_identify(src/motor_package) by extension 'colcon_meta'
[0.199s] Level 1:colcon.colcon_core.package_identification:_identify(src/motor_package) by extensions ['ros']
[0.199s] Level 1:colcon.colcon_core.package_identification:_identify(src/motor_package) by extension 'ros'
[0.200s] DEBUG:colcon.colcon_core.package_identification:Package 'src/motor_package' with type 'ros.ament_cmake' and name 'motor_package'
[0.200s] Level 1:colcon.colcon_core.package_identification:_identify(src/obstacle_package) by extensions ['ignore', 'ignore_ament_install']
[0.200s] Level 1:colcon.colcon_core.package_identification:_identify(src/obstacle_package) by extension 'ignore'
[0.200s] Level 1:colcon.colcon_core.package_identification:_identify(src/obstacle_package) by extension 'ignore_ament_install'
[0.200s] Level 1:colcon.colcon_core.package_identification:_identify(src/obstacle_package) by extensions ['colcon_pkg']
[0.200s] Level 1:colcon.colcon_core.package_identification:_identify(src/obstacle_package) by extension 'colcon_pkg'
[0.200s] Level 1:colcon.colcon_core.package_identification:_identify(src/obstacle_package) by extensions ['colcon_meta']
[0.200s] Level 1:colcon.colcon_core.package_identification:_identify(src/obstacle_package) by extension 'colcon_meta'
[0.200s] Level 1:colcon.colcon_core.package_identification:_identify(src/obstacle_package) by extensions ['ros']
[0.200s] Level 1:colcon.colcon_core.package_identification:_identify(src/obstacle_package) by extension 'ros'
[0.201s] DEBUG:colcon.colcon_core.package_identification:Package 'src/obstacle_package' with type 'ros.ament_cmake' and name 'obstacle_package'
[0.201s] Level 1:colcon.colcon_core.package_identification:_identify(src/sensor_package) by extensions ['ignore', 'ignore_ament_install']
[0.201s] Level 1:colcon.colcon_core.package_identification:_identify(src/sensor_package) by extension 'ignore'
[0.201s] Level 1:colcon.colcon_core.package_identification:_identify(src/sensor_package) by extension 'ignore_ament_install'
[0.201s] Level 1:colcon.colcon_core.package_identification:_identify(src/sensor_package) by extensions ['colcon_pkg']
[0.201s] Level 1:colcon.colcon_core.package_identification:_identify(src/sensor_package) by extension 'colcon_pkg'
[0.201s] Level 1:colcon.colcon_core.package_identification:_identify(src/sensor_package) by extensions ['colcon_meta']
[0.201s] Level 1:colcon.colcon_core.package_identification:_identify(src/sensor_package) by extension 'colcon_meta'
[0.201s] Level 1:colcon.colcon_core.package_identification:_identify(src/sensor_package) by extensions ['ros']
[0.201s] Level 1:colcon.colcon_core.package_identification:_identify(src/sensor_package) by extension 'ros'
[0.202s] DEBUG:colcon.colcon_core.package_identification:Package 'src/sensor_package' with type 'ros.ament_cmake' and name 'sensor_package'
[0.202s] Level 1:colcon.colcon_core.package_discovery:discover_packages(recursive) using defaults
[0.202s] Level 1:colcon.colcon_core.package_discovery:discover_packages(ignore) discover
[0.202s] Level 1:colcon.colcon_core.package_discovery:discover_packages(ignore) using defaults
[0.202s] Level 1:colcon.colcon_core.package_discovery:discover_packages(path) discover
[0.202s] Level 1:colcon.colcon_core.package_discovery:discover_packages(path) using defaults
[0.223s] INFO:colcon.colcon_core.package_selection:Skipping not selected package 'motor_package' in 'src/motor_package'
[0.223s] INFO:colcon.colcon_core.package_selection:Skipping not selected package 'obstacle_package' in 'src/obstacle_package'
[0.223s] INFO:colcon.colcon_core.package_selection:Skipping not selected package 'sensor_package' in 'src/sensor_package'
[0.223s] Level 1:colcon.colcon_core.package_discovery:discover_packages(prefix_path) check parameters
[0.223s] Level 1:colcon.colcon_core.package_discovery:discover_packages(prefix_path) discover
[0.225s] DEBUG:colcon.colcon_installed_package_information.package_discovery:Found 4 installed packages in /home/omar-yaseen/robot_ws/install
[0.227s] DEBUG:colcon.colcon_installed_package_information.package_discovery:Found 291 installed packages in /opt/ros/jazzy
[0.228s] Level 1:colcon.colcon_core.package_discovery:discover_packages(prefix_path) using defaults
[0.269s] Level 5:colcon.colcon_core.verb:set package 'Robot_Smart_Car' build argument 'cmake_args' from command line to 'None'
[0.269s] Level 5:colcon.colcon_core.verb:set package 'Robot_Smart_Car' build argument 'cmake_target' from command line to 'None'
[0.269s] Level 5:colcon.colcon_core.verb:set package 'Robot_Smart_Car' build argument 'cmake_target_skip_unavailable' from command line to 'False'
[0.269s] Level 5:colcon.colcon_core.verb:set package 'Robot_Smart_Car' build argument 'cmake_clean_cache' from command line to 'False'
[0.269s] Level 5:colcon.colcon_core.verb:set package 'Robot_Smart_Car' build argument 'cmake_clean_first' from command line to 'False'
[0.269s] Level 5:colcon.colcon_core.verb:set package 'Robot_Smart_Car' build argument 'cmake_force_configure' from command line to 'False'
[0.269s] Level 5:colcon.colcon_core.verb:set package 'Robot_Smart_Car' build argument 'ament_cmake_args' from command line to 'None'
[0.269s] Level 5:colcon.colcon_core.verb:set package 'Robot_Smart_Car' build argument 'catkin_cmake_args' from command line to 'None'
[0.269s] Level 5:colcon.colcon_core.verb:set package 'Robot_Smart_Car' build argument 'catkin_skip_building_tests' from command line to 'False'
[0.269s] DEBUG:colcon.colcon_core.verb:Building package 'Robot_Smart_Car' with the following arguments: {'ament_cmake_args': None, 'build_base': '/home/omar-yaseen/robot_ws/build/Robot_Smart_Car', 'catkin_cmake_args': None, 'catkin_skip_building_tests': False, 'cmake_args': None, 'cmake_clean_cache': False, 'cmake_clean_first': False, 'cmake_force_configure': False, 'cmake_target': None, 'cmake_target_skip_unavailable': False, 'install_base': '/home/omar-yaseen/robot_ws/install/Robot_Smart_Car', 'merge_install': False, 'path': '/home/omar-yaseen/robot_ws/src/Robot_Smart_Car', 'symlink_install': False, 'test_result_base': None}
[0.269s] INFO:colcon.colcon_core.executor:Executing jobs using 'parallel' executor
[0.270s] DEBUG:colcon.colcon_parallel_executor.executor.parallel:run_until_complete
[0.271s] INFO:colcon.colcon_ros.task.ament_cmake.build:Building ROS package in '/home/omar-yaseen/robot_ws/src/Robot_Smart_Car' with build type 'ament_cmake'
[0.271s] INFO:colcon.colcon_cmake.task.cmake.build:Building CMake package in '/home/omar-yaseen/robot_ws/src/Robot_Smart_Car'
[0.273s] INFO:colcon.colcon_core.plugin_system:Skipping extension 'colcon_core.shell.bat': Not used on non-Windows systems
[0.273s] INFO:colcon.colcon_core.shell:Skip shell extension 'powershell' for command environment: Not usable outside of PowerShell
[0.273s] DEBUG:colcon.colcon_core.shell:Skip shell extension 'dsv' for command environment
[0.284s] DEBUG:colcon.colcon_core.event_handler.log_command:Invoking command in '/home/omar-yaseen/robot_ws/build/Robot_Smart_Car': CMAKE_PREFIX_PATH=${CMAKE_PREFIX_PATH}:/opt/ros/jazzy DEBUGINFOD_URLS=https://debuginfod.ubuntu.com /usr/bin/cmake --build /home/omar-yaseen/robot_ws/build/Robot_Smart_Car -- -j16 -l16
[10.968s] DEBUG:colcon.colcon_core.event_handler.log_command:Invoked command in '/home/omar-yaseen/robot_ws/build/Robot_Smart_Car' returned '0': CMAKE_PREFIX_PATH=${CMAKE_PREFIX_PATH}:/opt/ros/jazzy DEBUGINFOD_URLS=https://debuginfod.ubuntu.com /usr/bin/cmake --build /home/omar-yaseen/robot_ws/build/Robot_Smart_Car -- -j16 -l16
[10.981s] DEBUG:colcon.colcon_core.event_handler.log_command:Invoking command in '/home/omar-yaseen/robot_ws/build/Robot_Smart_Car': CMAKE_PREFIX_PATH=${CMAKE_PREFIX_PATH}:/opt/ros/jazzy DEBUGINFOD_URLS=https://debuginfod.ubuntu.com /usr/bin/cmake --install /home/omar-yaseen/robot_ws/build/Robot_Smart_Car
[11.000s] Level 1:colcon.colcon_core.environment:create_environment_scripts_only(Robot_Smart_Car)
[11.001s] DEBUG:colcon.colcon_core.event_handler.log_command:Invoked command in '/home/omar-yaseen/robot_ws/build/Robot_Smart_Car' returned '0': CMAKE_PREFIX_PATH=${CMAKE_PREFIX_PATH}:/opt/ros/jazzy DEBUGINFOD_URLS=https://debuginfod.ubuntu.com /usr/bin/cmake --install /home/omar-yaseen/robot_ws/build/Robot_Smart_Car
[11.005s] Level 1:colcon.colcon_core.environment:checking '/home/omar-yaseen/robot_ws/install/Robot_Smart_Car' for CMake module files
[11.006s] Level 1:colcon.colcon_core.environment:checking '/home/omar-yaseen/robot_ws/install/Robot_Smart_Car' for CMake config files
[11.006s] Level 1:colcon.colcon_core.shell:create_environment_hook('Robot_Smart_Car', 'cmake_prefix_path')
[11.007s] INFO:colcon.colcon_core.shell:Creating environment hook '/home/omar-yaseen/robot_ws/install/Robot_Smart_Car/share/Robot_Smart_Car/hook/cmake_prefix_path.ps1'
[11.007s] INFO:colcon.colcon_core.shell:Creating environment descriptor '/home/omar-yaseen/robot_ws/install/Robot_Smart_Car/share/Robot_Smart_Car/hook/cmake_prefix_path.dsv'
[11.008s] INFO:colcon.colcon_core.shell:Creating environment hook '/home/omar-yaseen/robot_ws/install/Robot_Smart_Car/share/Robot_Smart_Car/hook/cmake_prefix_path.sh'
[11.009s] Level 1:colcon.colcon_core.environment:checking '/home/omar-yaseen/robot_ws/install/Robot_Smart_Car/lib'
[11.009s] Level 1:colcon.colcon_core.environment:checking '/home/omar-yaseen/robot_ws/install/Robot_Smart_Car/bin'
[11.009s] Level 1:colcon.colcon_core.environment:checking '/home/omar-yaseen/robot_ws/install/Robot_Smart_Car/lib/pkgconfig/Robot_Smart_Car.pc'
[11.009s] Level 1:colcon.colcon_core.environment:checking '/home/omar-yaseen/robot_ws/install/Robot_Smart_Car/lib/python3.12/site-packages'
[11.010s] Level 1:colcon.colcon_core.environment:checking '/home/omar-yaseen/robot_ws/install/Robot_Smart_Car/bin'
[11.010s] INFO:colcon.colcon_core.shell:Creating package script '/home/omar-yaseen/robot_ws/install/Robot_Smart_Car/share/Robot_Smart_Car/package.ps1'
[11.011s] INFO:colcon.colcon_core.shell:Creating package descriptor '/home/omar-yaseen/robot_ws/install/Robot_Smart_Car/share/Robot_Smart_Car/package.dsv'
[11.012s] INFO:colcon.colcon_core.shell:Creating package script '/home/omar-yaseen/robot_ws/install/Robot_Smart_Car/share/Robot_Smart_Car/package.sh'
[11.013s] INFO:colcon.colcon_core.shell:Creating package script '/home/omar-yaseen/robot_ws/install/Robot_Smart_Car/share/Robot_Smart_Car/package.bash'
[11.013s] INFO:colcon.colcon_core.shell:Creating package script '/home/omar-yaseen/robot_ws/install/Robot_Smart_Car/share/Robot_Smart_Car/package.zsh'
[11.014s] Level 1:colcon.colcon_core.environment:create_file_with_runtime_dependencies(/home/omar-yaseen/robot_ws/install/Robot_Smart_Car/share/colcon-core/packages/Robot_Smart_Car)
[11.014s] Level 1:colcon.colcon_core.environment:create_environment_scripts_only(Robot_Smart_Car)
[11.015s] Level 1:colcon.colcon_core.environment:checking '/home/omar-yaseen/robot_ws/install/Robot_Smart_Car' for CMake module files
[11.015s] Level 1:colcon.colcon_core.environment:checking '/home/omar-yaseen/robot_ws/install/Robot_Smart_Car' for CMake config files
[11.015s] Level 1:colcon.colcon_core.shell:create_environment_hook('Robot_Smart_Car', 'cmake_prefix_path')
[11.016s] INFO:colcon.colcon_core.shell:Creating environment hook '/home/omar-yaseen/robot_ws/install/Robot_Smart_Car/share/Robot_Smart_Car/hook/cmake_prefix_path.ps1'
[11.016s] INFO:colcon.colcon_core.shell:Creating environment descriptor '/home/omar-yaseen/robot_ws/install/Robot_Smart_Car/share/Robot_Smart_Car/hook/cmake_prefix_path.dsv'
[11.017s] INFO:colcon.colcon_core.shell:Creating environment hook '/home/omar-yaseen/robot_ws/install/Robot_Smart_Car/share/Robot_Smart_Car/hook/cmake_prefix_path.sh'
[11.017s] Level 1:colcon.colcon_core.environment:checking '/home/omar-yaseen/robot_ws/install/Robot_Smart_Car/lib'
[11.018s] Level 1:colcon.colcon_core.environment:checking '/home/omar-yaseen/robot_ws/install/Robot_Smart_Car/bin'
[11.018s] Level 1:colcon.colcon_core.environment:checking '/home/omar-yaseen/robot_ws/install/Robot_Smart_Car/lib/pkgconfig/Robot_Smart_Car.pc'
[11.018s] Level 1:colcon.colcon_core.environment:checking '/home/omar-yaseen/robot_ws/install/Robot_Smart_Car/lib/python3.12/site-packages'
[11.018s] Level 1:colcon.colcon_core.environment:checking '/home/omar-yaseen/robot_ws/install/Robot_Smart_Car/bin'
[11.019s] INFO:colcon.colcon_core.shell:Creating package script '/home/omar-yaseen/robot_ws/install/Robot_Smart_Car/share/Robot_Smart_Car/package.ps1'
[11.020s] INFO:colcon.colcon_core.shell:Creating package descriptor '/home/omar-yaseen/robot_ws/install/Robot_Smart_Car/share/Robot_Smart_Car/package.dsv'
[11.020s] INFO:colcon.colcon_core.shell:Creating package script '/home/omar-yaseen/robot_ws/install/Robot_Smart_Car/share/Robot_Smart_Car/package.sh'
[11.021s] INFO:colcon.colcon_core.shell:Creating package script '/home/omar-yaseen/robot_ws/install/Robot_Smart_Car/share/Robot_Smart_Car/package.bash'
[11.021s] INFO:colcon.colcon_core.shell:Creating package script '/home/omar-yaseen/robot_ws/install/Robot_Smart_Car/share/Robot_Smart_Car/package.zsh'
[11.022s] Level 1:colcon.colcon_core.environment:create_file_with_runtime_dependencies(/home/omar-yaseen/robot_ws/install/Robot_Smart_Car/share/colcon-core/packages/Robot_Smart_Car)
[11.022s] DEBUG:colcon.colcon_parallel_executor.executor.parallel:closing loop
[11.022s] DEBUG:colcon.colcon_parallel_executor.executor.parallel:loop closed
[11.022s] DEBUG:colcon.colcon_parallel_executor.executor.parallel:run_until_complete finished with '0'
[11.023s] DEBUG:colcon.colcon_core.event_reactor:joining thread
[11.030s] INFO:colcon.colcon_core.plugin_system:Skipping extension 'colcon_notification.desktop_notification.terminal_notifier': Not used on non-Darwin systems
[11.031s] INFO:colcon.colcon_core.plugin_system:Skipping extension 'colcon_notification.desktop_notification.win32': Not used on non-Windows systems
[11.031s] INFO:colcon.colcon_notification.desktop_notification:Sending desktop notification using 'notify2'
[11.048s] DEBUG:colcon.colcon_core.event_reactor:joined thread
[11.048s] INFO:colcon.colcon_core.shell:Creating prefix script '/home/omar-yaseen/robot_ws/install/local_setup.ps1'
[11.050s] INFO:colcon.colcon_core.shell:Creating prefix util module '/home/omar-yaseen/robot_ws/install/_local_setup_util_ps1.py'
[11.051s] INFO:colcon.colcon_core.shell:Creating prefix chain script '/home/omar-yaseen/robot_ws/install/setup.ps1'
[11.052s] INFO:colcon.colcon_core.shell:Creating prefix script '/home/omar-yaseen/robot_ws/install/local_setup.sh'
[11.052s] INFO:colcon.colcon_core.shell:Creating prefix util module '/home/omar-yaseen/robot_ws/install/_local_setup_util_sh.py'
[11.053s] INFO:colcon.colcon_core.shell:Creating prefix chain script '/home/omar-yaseen/robot_ws/install/setup.sh'
[11.054s] INFO:colcon.colcon_core.shell:Creating prefix script '/home/omar-yaseen/robot_ws/install/local_setup.bash'
[11.054s] INFO:colcon.colcon_core.shell:Creating prefix chain script '/home/omar-yaseen/robot_ws/install/setup.bash'
[11.055s] INFO:colcon.colcon_core.shell:Creating prefix script '/home/omar-yaseen/robot_ws/install/local_setup.zsh'
[11.056s] INFO:colcon.colcon_core.shell:Creating prefix chain script '/home/omar-yaseen/robot_ws/install/setup.zsh'
