-- The C compiler identification is GNU 13.3.0
-- The CXX compiler identification is GNU 13.3.0
-- Detecting C compiler ABI info
-- Detecting C compiler ABI info - done
-- Check for working C compiler: /usr/bin/cc - skipped
-- Detecting C compile features
-- Detecting C compile features - done
-- Detecting CXX compiler ABI info
-- Detecting CXX compiler ABI info - done
-- Check for working CXX compiler: /usr/bin/c++ - skipped
-- Detecting CXX compile features
-- Detecting CXX compile features - done
-- Found ament_cmake: 2.5.5 (/opt/ros/jazzy/share/ament_cmake/cmake)
-- Found Python3: /usr/bin/python3 (found version "3.12.3") found components: Interpreter 
-- Found rclcpp: 28.1.16 (/opt/ros/jazzy/share/rclcpp/cmake)
-- Found rosidl_generator_c: 4.6.7 (/opt/ros/jazzy/share/rosidl_generator_c/cmake)
-- Found rosidl_generator_cpp: 4.6.7 (/opt/ros/jazzy/share/rosidl_generator_cpp/cmake)
-- Using all available rosidl_typesupport_c: rosidl_typesupport_fastrtps_c;rosidl_typesupport_introspection_c
-- Using all available rosidl_typesupport_cpp: rosidl_typesupport_fastrtps_cpp;rosidl_typesupport_introspection_cpp
-- Found rmw_implementation_cmake: 7.3.3 (/opt/ros/jazzy/share/rmw_implementation_cmake/cmake)
-- Found rmw_fastrtps_cpp: 8.4.3 (/opt/ros/jazzy/share/rmw_fastrtps_cpp/cmake)
-- Found OpenSSL: /usr/lib/x86_64-linux-gnu/libcrypto.so (found version "3.0.13")  
-- Found FastRTPS: /opt/ros/jazzy/include (Required is at least version "2.13") 
-- Using RMW implementation 'rmw_fastrtps_cpp' as default
-- Found std_msgs: 5.3.6 (/opt/ros/jazzy/share/std_msgs/cmake)
-- Found sensor_msgs: 5.3.6 (/opt/ros/jazzy/share/sensor_msgs/cmake)
-- Found nav_msgs: 5.3.6 (/opt/ros/jazzy/share/nav_msgs/cmake)
-- Found tf2_ros: 0.36.19 (/opt/ros/jazzy/share/tf2_ros/cmake)
-- Configuring done (3.3s)
-- Generating done (0.0s)
-- Build files have been written to: /home/saeed-ismail/robot_ws/build/obstacle_avoidance
[ 16%] [32mBuilding CXX object CMakeFiles/obstacle_node.dir/src/obstacle_node.cpp.o[0m
[ 50%] [32mBuilding CXX object CMakeFiles/motor_node.dir/src/motor_node.cpp.o[0m
[ 50%] [32mBuilding CXX object CMakeFiles/full_sensor_node.dir/src/full_sensor_node.cpp.o[0m
[ 66%] [32m[1mLinking CXX executable motor_node[0m
[ 83%] [32m[1mLinking CXX executable obstacle_node[0m
[ 83%] Built target motor_node
[ 83%] Built target obstacle_node
[100%] [32m[1mLinking CXX executable full_sensor_node[0m
[100%] Built target full_sensor_node
-- Install configuration: ""
-- Installing: /home/saeed-ismail/robot_ws/install/obstacle_avoidance/lib/obstacle_avoidance/full_sensor_node
-- Set non-toolchain portion of runtime path of "/home/saeed-ismail/robot_ws/install/obstacle_avoidance/lib/obstacle_avoidance/full_sensor_node" to ""
-- Installing: /home/saeed-ismail/robot_ws/install/obstacle_avoidance/lib/obstacle_avoidance/obstacle_node
-- Set non-toolchain portion of runtime path of "/home/saeed-ismail/robot_ws/install/obstacle_avoidance/lib/obstacle_avoidance/obstacle_node" to ""
-- Installing: /home/saeed-ismail/robot_ws/install/obstacle_avoidance/lib/obstacle_avoidance/motor_node
-- Set non-toolchain portion of runtime path of "/home/saeed-ismail/robot_ws/install/obstacle_avoidance/lib/obstacle_avoidance/motor_node" to ""
-- Installing: /home/saeed-ismail/robot_ws/install/obstacle_avoidance/share/ament_index/resource_index/package_run_dependencies/obstacle_avoidance
-- Installing: /home/saeed-ismail/robot_ws/install/obstacle_avoidance/share/ament_index/resource_index/parent_prefix_path/obstacle_avoidance
-- Installing: /home/saeed-ismail/robot_ws/install/obstacle_avoidance/share/obstacle_avoidance/environment/ament_prefix_path.sh
-- Installing: /home/saeed-ismail/robot_ws/install/obstacle_avoidance/share/obstacle_avoidance/environment/ament_prefix_path.dsv
-- Installing: /home/saeed-ismail/robot_ws/install/obstacle_avoidance/share/obstacle_avoidance/environment/path.sh
-- Installing: /home/saeed-ismail/robot_ws/install/obstacle_avoidance/share/obstacle_avoidance/environment/path.dsv
-- Installing: /home/saeed-ismail/robot_ws/install/obstacle_avoidance/share/obstacle_avoidance/local_setup.bash
-- Installing: /home/saeed-ismail/robot_ws/install/obstacle_avoidance/share/obstacle_avoidance/local_setup.sh
-- Installing: /home/saeed-ismail/robot_ws/install/obstacle_avoidance/share/obstacle_avoidance/local_setup.zsh
-- Installing: /home/saeed-ismail/robot_ws/install/obstacle_avoidance/share/obstacle_avoidance/local_setup.dsv
-- Installing: /home/saeed-ismail/robot_ws/install/obstacle_avoidance/share/obstacle_avoidance/package.dsv
-- Installing: /home/saeed-ismail/robot_ws/install/obstacle_avoidance/share/ament_index/resource_index/packages/obstacle_avoidance
-- Installing: /home/saeed-ismail/robot_ws/install/obstacle_avoidance/share/obstacle_avoidance/cmake/obstacle_avoidanceConfig.cmake
-- Installing: /home/saeed-ismail/robot_ws/install/obstacle_avoidance/share/obstacle_avoidance/cmake/obstacle_avoidanceConfig-version.cmake
-- Installing: /home/saeed-ismail/robot_ws/install/obstacle_avoidance/share/obstacle_avoidance/package.xml
