[0.029s] Invoking command in '/home/saeed-ismail/robot_ws/build/obstacle_avoidance': CMAKE_PREFIX_PATH=${CMAKE_PREFIX_PATH}:/opt/ros/jazzy DEBUGINFOD_URLS=https://debuginfod.ubuntu.com /usr/bin/cmake /home/saeed-ismail/robot_ws/src/obstacle_avoidance -DCMAKE_INSTALL_PREFIX=/home/saeed-ismail/robot_ws/install/obstacle_avoidance
[0.234s] -- The C compiler identification is GNU 13.3.0
[0.390s] -- The CXX compiler identification is GNU 13.3.0
[0.424s] -- Detecting C compiler ABI info
[0.587s] -- Detecting C compiler ABI info - done
[0.605s] -- Check for working C compiler: /usr/bin/cc - skipped
[0.606s] -- Detecting C compile features
[0.607s] -- Detecting C compile features - done
[0.624s] -- Detecting CXX compiler ABI info
[0.793s] -- Detecting CXX compiler ABI info - done
[0.818s] -- Check for working CXX compiler: /usr/bin/c++ - skipped
[0.818s] -- Detecting CXX compile features
[0.818s] -- Detecting CXX compile features - done
[0.839s] -- Found ament_cmake: 2.5.5 (/opt/ros/jazzy/share/ament_cmake/cmake)
[1.286s] -- Found Python3: /usr/bin/python3 (found version "3.12.3") found components: Interpreter 
[1.576s] -- Found rclcpp: 28.1.16 (/opt/ros/jazzy/share/rclcpp/cmake)
[1.712s] -- Found rosidl_generator_c: 4.6.7 (/opt/ros/jazzy/share/rosidl_generator_c/cmake)
[1.755s] -- Found rosidl_generator_cpp: 4.6.7 (/opt/ros/jazzy/share/rosidl_generator_cpp/cmake)
[1.810s] -- Using all available rosidl_typesupport_c: rosidl_typesupport_fastrtps_c;rosidl_typesupport_introspection_c
[1.864s] -- Using all available rosidl_typesupport_cpp: rosidl_typesupport_fastrtps_cpp;rosidl_typesupport_introspection_cpp
[2.092s] -- Found rmw_implementation_cmake: 7.3.3 (/opt/ros/jazzy/share/rmw_implementation_cmake/cmake)
[2.103s] -- Found rmw_fastrtps_cpp: 8.4.3 (/opt/ros/jazzy/share/rmw_fastrtps_cpp/cmake)
[2.297s] -- Found OpenSSL: /usr/lib/x86_64-linux-gnu/libcrypto.so (found version "3.0.13")  
[2.344s] -- Found FastRTPS: /opt/ros/jazzy/include (Required is at least version "2.13") 
[2.392s] -- Using RMW implementation 'rmw_fastrtps_cpp' as default
[2.599s] -- Found std_msgs: 5.3.6 (/opt/ros/jazzy/share/std_msgs/cmake)
[2.645s] -- Found sensor_msgs: 5.3.6 (/opt/ros/jazzy/share/sensor_msgs/cmake)
[2.754s] -- Found nav_msgs: 5.3.6 (/opt/ros/jazzy/share/nav_msgs/cmake)
[2.824s] -- Found tf2_ros: 0.36.19 (/opt/ros/jazzy/share/tf2_ros/cmake)
[3.384s] -- Configuring done (3.3s)
[3.424s] -- Generating done (0.0s)
[3.439s] -- Build files have been written to: /home/saeed-ismail/robot_ws/build/obstacle_avoidance
[3.458s] Invoked command in '/home/saeed-ismail/robot_ws/build/obstacle_avoidance' returned '0': CMAKE_PREFIX_PATH=${CMAKE_PREFIX_PATH}:/opt/ros/jazzy DEBUGINFOD_URLS=https://debuginfod.ubuntu.com /usr/bin/cmake /home/saeed-ismail/robot_ws/src/obstacle_avoidance -DCMAKE_INSTALL_PREFIX=/home/saeed-ismail/robot_ws/install/obstacle_avoidance
[3.460s] Invoking command in '/home/saeed-ismail/robot_ws/build/obstacle_avoidance': CMAKE_PREFIX_PATH=${CMAKE_PREFIX_PATH}:/opt/ros/jazzy DEBUGINFOD_URLS=https://debuginfod.ubuntu.com /usr/bin/cmake --build /home/saeed-ismail/robot_ws/build/obstacle_avoidance -- -j8 -l8
[3.552s] [ 16%] [32mBuilding CXX object CMakeFiles/obstacle_node.dir/src/obstacle_node.cpp.o[0m
[3.552s] [ 50%] [32mBuilding CXX object CMakeFiles/motor_node.dir/src/motor_node.cpp.o[0m
[3.553s] [ 50%] [32mBuilding CXX object CMakeFiles/full_sensor_node.dir/src/full_sensor_node.cpp.o[0m
[18.264s] [ 66%] [32m[1mLinking CXX executable motor_node[0m
[18.669s] [ 83%] [32m[1mLinking CXX executable obstacle_node[0m
[18.772s] [ 83%] Built target motor_node
[19.156s] [ 83%] Built target obstacle_node
[25.058s] [100%] [32m[1mLinking CXX executable full_sensor_node[0m
[25.931s] [100%] Built target full_sensor_node
[25.950s] Invoked command in '/home/saeed-ismail/robot_ws/build/obstacle_avoidance' returned '0': CMAKE_PREFIX_PATH=${CMAKE_PREFIX_PATH}:/opt/ros/jazzy DEBUGINFOD_URLS=https://debuginfod.ubuntu.com /usr/bin/cmake --build /home/saeed-ismail/robot_ws/build/obstacle_avoidance -- -j8 -l8
[25.967s] Invoking command in '/home/saeed-ismail/robot_ws/build/obstacle_avoidance': CMAKE_PREFIX_PATH=${CMAKE_PREFIX_PATH}:/opt/ros/jazzy DEBUGINFOD_URLS=https://debuginfod.ubuntu.com /usr/bin/cmake --install /home/saeed-ismail/robot_ws/build/obstacle_avoidance
[25.981s] -- Install configuration: ""
[25.981s] -- Installing: /home/saeed-ismail/robot_ws/install/obstacle_avoidance/lib/obstacle_avoidance/full_sensor_node
[25.989s] -- Set non-toolchain portion of runtime path of "/home/saeed-ismail/robot_ws/install/obstacle_avoidance/lib/obstacle_avoidance/full_sensor_node" to ""
[25.989s] -- Installing: /home/saeed-ismail/robot_ws/install/obstacle_avoidance/lib/obstacle_avoidance/obstacle_node
[25.994s] -- Set non-toolchain portion of runtime path of "/home/saeed-ismail/robot_ws/install/obstacle_avoidance/lib/obstacle_avoidance/obstacle_node" to ""
[25.994s] -- Installing: /home/saeed-ismail/robot_ws/install/obstacle_avoidance/lib/obstacle_avoidance/motor_node
[25.999s] -- Set non-toolchain portion of runtime path of "/home/saeed-ismail/robot_ws/install/obstacle_avoidance/lib/obstacle_avoidance/motor_node" to ""
[25.999s] -- Installing: /home/saeed-ismail/robot_ws/install/obstacle_avoidance/share/ament_index/resource_index/package_run_dependencies/obstacle_avoidance
[25.999s] -- Installing: /home/saeed-ismail/robot_ws/install/obstacle_avoidance/share/ament_index/resource_index/parent_prefix_path/obstacle_avoidance
[25.999s] -- Installing: /home/saeed-ismail/robot_ws/install/obstacle_avoidance/share/obstacle_avoidance/environment/ament_prefix_path.sh
[26.000s] -- Installing: /home/saeed-ismail/robot_ws/install/obstacle_avoidance/share/obstacle_avoidance/environment/ament_prefix_path.dsv
[26.000s] -- Installing: /home/saeed-ismail/robot_ws/install/obstacle_avoidance/share/obstacle_avoidance/environment/path.sh
[26.000s] -- Installing: /home/saeed-ismail/robot_ws/install/obstacle_avoidance/share/obstacle_avoidance/environment/path.dsv
[26.000s] -- Installing: /home/saeed-ismail/robot_ws/install/obstacle_avoidance/share/obstacle_avoidance/local_setup.bash
[26.000s] -- Installing: /home/saeed-ismail/robot_ws/install/obstacle_avoidance/share/obstacle_avoidance/local_setup.sh
[26.001s] -- Installing: /home/saeed-ismail/robot_ws/install/obstacle_avoidance/share/obstacle_avoidance/local_setup.zsh
[26.001s] -- Installing: /home/saeed-ismail/robot_ws/install/obstacle_avoidance/share/obstacle_avoidance/local_setup.dsv
[26.001s] -- Installing: /home/saeed-ismail/robot_ws/install/obstacle_avoidance/share/obstacle_avoidance/package.dsv
[26.001s] -- Installing: /home/saeed-ismail/robot_ws/install/obstacle_avoidance/share/ament_index/resource_index/packages/obstacle_avoidance
[26.001s] -- Installing: /home/saeed-ismail/robot_ws/install/obstacle_avoidance/share/obstacle_avoidance/cmake/obstacle_avoidanceConfig.cmake
[26.002s] -- Installing: /home/saeed-ismail/robot_ws/install/obstacle_avoidance/share/obstacle_avoidance/cmake/obstacle_avoidanceConfig-version.cmake
[26.002s] -- Installing: /home/saeed-ismail/robot_ws/install/obstacle_avoidance/share/obstacle_avoidance/package.xml
[26.004s] Invoked command in '/home/saeed-ismail/robot_ws/build/obstacle_avoidance' returned '0': CMAKE_PREFIX_PATH=${CMAKE_PREFIX_PATH}:/opt/ros/jazzy DEBUGINFOD_URLS=https://debuginfod.ubuntu.com /usr/bin/cmake --install /home/saeed-ismail/robot_ws/build/obstacle_avoidance
