[0.120s] DEBUG:colcon:Command line arguments: ['/usr/bin/colcon', 'build', '--packages-select', 'Robot_Smart_Car']
[0.121s] DEBUG:colcon:Parsed command line arguments: Namespace(log_base=None, log_level=None, verb_name='build', build_base='build', install_base='install', merge_install=False, symlink_install=False, test_result_base=None, continue_on_error=False, executor='parallel', parallel_workers=16, event_handlers=None, ignore_user_meta=False, metas=['./colcon.meta'], base_paths=['.'], packages_ignore=None, packages_ignore_regex=None, paths=None, packages_up_to=None, packages_up_to_regex=None, packages_above=None, packages_above_and_dependencies=None, packages_above_depth=None, packages_select_by_dep=None, packages_skip_by_dep=None, packages_skip_up_to=None, packages_select_build_failed=False, packages_skip_build_finished=False, packages_select_test_failures=False, packages_skip_test_passed=False, packages_select=['Robot_Smart_Car'], packages_skip=None, packages_select_regex=None, packages_skip_regex=None, packages_start=None, packages_end=None, allow_overriding=[], cmake_args=None, cmake_target=None, cmake_target_skip_unavailable=False, cmake_clean_cache=False, cmake_clean_first=False, cmake_force_configure=False, ament_cmake_args=None, catkin_cmake_args=None, catkin_skip_building_tests=False, mixin_files=None, mixin=None, verb_parser=<colcon_mixin.mixin.mixin_argument.MixinArgumentDecorator object at 0x744c57d6fec0>, verb_extension=<colcon_core.verb.build.BuildVerb object at 0x744c57d6fbf0>, main=<bound method BuildVerb.main of <colcon_core.verb.build.BuildVerb object at 0x744c57d6fbf0>>, mixin_verb=('build',))
[0.165s] Level 1:colcon.colcon_core.package_discovery:discover_packages(colcon_meta) check parameters
[0.165s] Level 1:colcon.colcon_core.package_discovery:discover_packages(recursive) check parameters
[0.165s] Level 1:colcon.colcon_core.package_discovery:discover_packages(ignore) check parameters
[0.165s] Level 1:colcon.colcon_core.package_discovery:discover_packages(path) check parameters
[0.165s] Level 1:colcon.colcon_core.package_discovery:discover_packages(colcon_meta) discover
[0.165s] Level 1:colcon.colcon_core.package_discovery:discover_packages(recursive) discover
[0.165s] INFO:colcon.colcon_core.package_discovery:Crawling recursively for packages in '/home/omar-yaseen/robot_ws'
[0.165s] Level 1:colcon.colcon_core.package_identification:_identify(.) by extensions ['ignore', 'ignore_ament_install']
[0.166s] Level 1:colcon.colcon_core.package_identification:_identify(.) by extension 'ignore'
[0.166s] Level 1:colcon.colcon_core.package_identification:_identify(.) by extension 'ignore_ament_install'
[0.166s] Level 1:colcon.colcon_core.package_identification:_identify(.) by extensions ['colcon_pkg']
[0.166s] Level 1:colcon.colcon_core.package_identification:_identify(.) by extension 'colcon_pkg'
[0.166s] Level 1:colcon.colcon_core.package_identification:_identify(.) by extensions ['colcon_meta']
[0.166s] Level 1:colcon.colcon_core.package_identification:_identify(.) by extension 'colcon_meta'
[0.166s] Level 1:colcon.colcon_core.package_identification:_identify(.) by extensions ['ros']
[0.166s] Level 1:colcon.colcon_core.package_identification:_identify(.) by extension 'ros'
[0.198s] Level 1:colcon.colcon_core.package_identification:_identify(.) by extensions ['cmake', 'python']
[0.198s] Level 1:colcon.colcon_core.package_identification:_identify(.) by extension 'cmake'
[0.198s] Level 1:colcon.colcon_core.package_identification:_identify(.) by extension 'python'
[0.198s] Level 1:colcon.colcon_core.package_identification:_identify(.) by extensions ['python_setup_py']
[0.198s] Level 1:colcon.colcon_core.package_identification:_identify(.) by extension 'python_setup_py'
[0.199s] Level 1:colcon.colcon_core.package_identification:_identify(build) by extensions ['ignore', 'ignore_ament_install']
[0.199s] Level 1:colcon.colcon_core.package_identification:_identify(build) by extension 'ignore'
[0.199s] Level 1:colcon.colcon_core.package_identification:_identify(build) ignored
[0.199s] Level 1:colcon.colcon_core.package_identification:_identify(install) by extensions ['ignore', 'ignore_ament_install']
[0.199s] Level 1:colcon.colcon_core.package_identification:_identify(install) by extension 'ignore'
[0.199s] Level 1:colcon.colcon_core.package_identification:_identify(install) ignored
[0.199s] Level 1:colcon.colcon_core.package_identification:_identify(log) by extensions ['ignore', 'ignore_ament_install']
[0.199s] Level 1:colcon.colcon_core.package_identification:_identify(log) by extension 'ignore'
[0.199s] Level 1:colcon.colcon_core.package_identification:_identify(log) ignored
[0.199s] Level 1:colcon.colcon_core.package_identification:_identify(src) by extensions ['ignore', 'ignore_ament_install']
[0.199s] Level 1:colcon.colcon_core.package_identification:_identify(src) by extension 'ignore'
[0.199s] Level 1:colcon.colcon_core.package_identification:_identify(src) by extension 'ignore_ament_install'
[0.200s] Level 1:colcon.colcon_core.package_identification:_identify(src) by extensions ['colcon_pkg']
[0.200s] Level 1:colcon.colcon_core.package_identification:_identify(src) by extension 'colcon_pkg'
[0.200s] Level 1:colcon.colcon_core.package_identification:_identify(src) by extensions ['colcon_meta']
[0.200s] Level 1:colcon.colcon_core.package_identification:_identify(src) by extension 'colcon_meta'
[0.200s] Level 1:colcon.colcon_core.package_identification:_identify(src) by extensions ['ros']
[0.200s] Level 1:colcon.colcon_core.package_identification:_identify(src) by extension 'ros'
[0.200s] Level 1:colcon.colcon_core.package_identification:_identify(src) by extensions ['cmake', 'python']
[0.200s] Level 1:colcon.colcon_core.package_identification:_identify(src) by extension 'cmake'
[0.200s] Level 1:colcon.colcon_core.package_identification:_identify(src) by extension 'python'
[0.200s] Level 1:colcon.colcon_core.package_identification:_identify(src) by extensions ['python_setup_py']
[0.200s] Level 1:colcon.colcon_core.package_identification:_identify(src) by extension 'python_setup_py'
[0.200s] Level 1:colcon.colcon_core.package_identification:_identify(src/Robot_Smart_Car) by extensions ['ignore', 'ignore_ament_install']
[0.200s] Level 1:colcon.colcon_core.package_identification:_identify(src/Robot_Smart_Car) by extension 'ignore'
[0.200s] Level 1:colcon.colcon_core.package_identification:_identify(src/Robot_Smart_Car) by extension 'ignore_ament_install'
[0.200s] Level 1:colcon.colcon_core.package_identification:_identify(src/Robot_Smart_Car) by extensions ['colcon_pkg']
[0.200s] Level 1:colcon.colcon_core.package_identification:_identify(src/Robot_Smart_Car) by extension 'colcon_pkg'
[0.200s] Level 1:colcon.colcon_core.package_identification:_identify(src/Robot_Smart_Car) by extensions ['colcon_meta']
[0.200s] Level 1:colcon.colcon_core.package_identification:_identify(src/Robot_Smart_Car) by extension 'colcon_meta'
[0.200s] Level 1:colcon.colcon_core.package_identification:_identify(src/Robot_Smart_Car) by extensions ['ros']
[0.200s] Level 1:colcon.colcon_core.package_identification:_identify(src/Robot_Smart_Car) by extension 'ros'
[0.203s] DEBUG:colcon.colcon_core.package_identification:Package 'src/Robot_Smart_Car' with type 'ros.ament_cmake' and name 'Robot_Smart_Car'
[0.203s] Level 1:colcon.colcon_core.package_identification:_identify(src/motor_package) by extensions ['ignore', 'ignore_ament_install']
[0.204s] Level 1:colcon.colcon_core.package_identification:_identify(src/motor_package) by extension 'ignore'
[0.204s] Level 1:colcon.colcon_core.package_identification:_identify(src/motor_package) by extension 'ignore_ament_install'
[0.204s] Level 1:colcon.colcon_core.package_identification:_identify(src/motor_package) by extensions ['colcon_pkg']
[0.204s] Level 1:colcon.colcon_core.package_identification:_identify(src/motor_package) by extension 'colcon_pkg'
[0.204s] Level 1:colcon.colcon_core.package_identification:_identify(src/motor_package) by extensions ['colcon_meta']
[0.204s] Level 1:colcon.colcon_core.package_identification:_identify(src/motor_package) by extension 'colcon_meta'
[0.204s] Level 1:colcon.colcon_core.package_identification:_identify(src/motor_package) by extensions ['ros']
[0.204s] Level 1:colcon.colcon_core.package_identification:_identify(src/motor_package) by extension 'ros'
[0.204s] DEBUG:colcon.colcon_core.package_identification:Package 'src/motor_package' with type 'ros.ament_cmake' and name 'motor_package'
[0.205s] Level 1:colcon.colcon_core.package_identification:_identify(src/obstacle_package) by extensions ['ignore', 'ignore_ament_install']
[0.205s] Level 1:colcon.colcon_core.package_identification:_identify(src/obstacle_package) by extension 'ignore'
[0.205s] Level 1:colcon.colcon_core.package_identification:_identify(src/obstacle_package) by extension 'ignore_ament_install'
[0.205s] Level 1:colcon.colcon_core.package_identification:_identify(src/obstacle_package) by extensions ['colcon_pkg']
[0.205s] Level 1:colcon.colcon_core.package_identification:_identify(src/obstacle_package) by extension 'colcon_pkg'
[0.205s] Level 1:colcon.colcon_core.package_identification:_identify(src/obstacle_package) by extensions ['colcon_meta']
[0.205s] Level 1:colcon.colcon_core.package_identification:_identify(src/obstacle_package) by extension 'colcon_meta'
[0.205s] Level 1:colcon.colcon_core.package_identification:_identify(src/obstacle_package) by extensions ['ros']
[0.205s] Level 1:colcon.colcon_core.package_identification:_identify(src/obstacle_package) by extension 'ros'
[0.206s] DEBUG:colcon.colcon_core.package_identification:Package 'src/obstacle_package' with type 'ros.ament_cmake' and name 'obstacle_package'
[0.206s] Level 1:colcon.colcon_core.package_identification:_identify(src/sensor_package) by extensions ['ignore', 'ignore_ament_install']
[0.206s] Level 1:colcon.colcon_core.package_identification:_identify(src/sensor_package) by extension 'ignore'
[0.206s] Level 1:colcon.colcon_core.package_identification:_identify(src/sensor_package) by extension 'ignore_ament_install'
[0.206s] Level 1:colcon.colcon_core.package_identification:_identify(src/sensor_package) by extensions ['colcon_pkg']
[0.206s] Level 1:colcon.colcon_core.package_identification:_identify(src/sensor_package) by extension 'colcon_pkg'
[0.206s] Level 1:colcon.colcon_core.package_identification:_identify(src/sensor_package) by extensions ['colcon_meta']
[0.206s] Level 1:colcon.colcon_core.package_identification:_identify(src/sensor_package) by extension 'colcon_meta'
[0.206s] Level 1:colcon.colcon_core.package_identification:_identify(src/sensor_package) by extensions ['ros']
[0.206s] Level 1:colcon.colcon_core.package_identification:_identify(src/sensor_package) by extension 'ros'
[0.207s] DEBUG:colcon.colcon_core.package_identification:Package 'src/sensor_package' with type 'ros.ament_cmake' and name 'sensor_package'
[0.207s] Level 1:colcon.colcon_core.package_discovery:discover_packages(recursive) using defaults
[0.207s] Level 1:colcon.colcon_core.package_discovery:discover_packages(ignore) discover
[0.207s] Level 1:colcon.colcon_core.package_discovery:discover_packages(ignore) using defaults
[0.207s] Level 1:colcon.colcon_core.package_discovery:discover_packages(path) discover
[0.207s] Level 1:colcon.colcon_core.package_discovery:discover_packages(path) using defaults
[0.228s] INFO:colcon.colcon_core.package_selection:Skipping not selected package 'motor_package' in 'src/motor_package'
[0.228s] INFO:colcon.colcon_core.package_selection:Skipping not selected package 'obstacle_package' in 'src/obstacle_package'
[0.228s] INFO:colcon.colcon_core.package_selection:Skipping not selected package 'sensor_package' in 'src/sensor_package'
[0.228s] Level 1:colcon.colcon_core.package_discovery:discover_packages(prefix_path) check parameters
[0.229s] Level 1:colcon.colcon_core.package_discovery:discover_packages(prefix_path) discover
[0.230s] DEBUG:colcon.colcon_installed_package_information.package_discovery:Found 4 installed packages in /home/omar-yaseen/robot_ws/install
[0.232s] DEBUG:colcon.colcon_installed_package_information.package_discovery:Found 291 installed packages in /opt/ros/jazzy
[0.233s] Level 1:colcon.colcon_core.package_discovery:discover_packages(prefix_path) using defaults
[0.276s] Level 5:colcon.colcon_core.verb:set package 'Robot_Smart_Car' build argument 'cmake_args' from command line to 'None'
[0.276s] Level 5:colcon.colcon_core.verb:set package 'Robot_Smart_Car' build argument 'cmake_target' from command line to 'None'
[0.276s] Level 5:colcon.colcon_core.verb:set package 'Robot_Smart_Car' build argument 'cmake_target_skip_unavailable' from command line to 'False'
[0.276s] Level 5:colcon.colcon_core.verb:set package 'Robot_Smart_Car' build argument 'cmake_clean_cache' from command line to 'False'
[0.276s] Level 5:colcon.colcon_core.verb:set package 'Robot_Smart_Car' build argument 'cmake_clean_first' from command line to 'False'
[0.276s] Level 5:colcon.colcon_core.verb:set package 'Robot_Smart_Car' build argument 'cmake_force_configure' from command line to 'False'
[0.276s] Level 5:colcon.colcon_core.verb:set package 'Robot_Smart_Car' build argument 'ament_cmake_args' from command line to 'None'
[0.276s] Level 5:colcon.colcon_core.verb:set package 'Robot_Smart_Car' build argument 'catkin_cmake_args' from command line to 'None'
[0.276s] Level 5:colcon.colcon_core.verb:set package 'Robot_Smart_Car' build argument 'catkin_skip_building_tests' from command line to 'False'
[0.276s] DEBUG:colcon.colcon_core.verb:Building package 'Robot_Smart_Car' with the following arguments: {'ament_cmake_args': None, 'build_base': '/home/omar-yaseen/robot_ws/build/Robot_Smart_Car', 'catkin_cmake_args': None, 'catkin_skip_building_tests': False, 'cmake_args': None, 'cmake_clean_cache': False, 'cmake_clean_first': False, 'cmake_force_configure': False, 'cmake_target': None, 'cmake_target_skip_unavailable': False, 'install_base': '/home/omar-yaseen/robot_ws/install/Robot_Smart_Car', 'merge_install': False, 'path': '/home/omar-yaseen/robot_ws/src/Robot_Smart_Car', 'symlink_install': False, 'test_result_base': None}
[0.276s] INFO:colcon.colcon_core.executor:Executing jobs using 'parallel' executor
[0.278s] DEBUG:colcon.colcon_parallel_executor.executor.parallel:run_until_complete
[0.278s] INFO:colcon.colcon_ros.task.ament_cmake.build:Building ROS package in '/home/omar-yaseen/robot_ws/src/Robot_Smart_Car' with build type 'ament_cmake'
[0.278s] INFO:colcon.colcon_cmake.task.cmake.build:Building CMake package in '/home/omar-yaseen/robot_ws/src/Robot_Smart_Car'
[0.281s] INFO:colcon.colcon_core.plugin_system:Skipping extension 'colcon_core.shell.bat': Not used on non-Windows systems
[0.281s] INFO:colcon.colcon_core.shell:Skip shell extension 'powershell' for command environment: Not usable outside of PowerShell
[0.281s] DEBUG:colcon.colcon_core.shell:Skip shell extension 'dsv' for command environment
[0.291s] DEBUG:colcon.colcon_core.event_handler.log_command:Invoking command in '/home/omar-yaseen/robot_ws/build/Robot_Smart_Car': CMAKE_PREFIX_PATH=${CMAKE_PREFIX_PATH}:/opt/ros/jazzy DEBUGINFOD_URLS=https://debuginfod.ubuntu.com /usr/bin/cmake --build /home/omar-yaseen/robot_ws/build/Robot_Smart_Car -- -j16 -l16
[0.388s] DEBUG:colcon.colcon_core.event_handler.log_command:Invoked command in '/home/omar-yaseen/robot_ws/build/Robot_Smart_Car' returned '0': CMAKE_PREFIX_PATH=${CMAKE_PREFIX_PATH}:/opt/ros/jazzy DEBUGINFOD_URLS=https://debuginfod.ubuntu.com /usr/bin/cmake --build /home/omar-yaseen/robot_ws/build/Robot_Smart_Car -- -j16 -l16
[0.401s] DEBUG:colcon.colcon_core.event_handler.log_command:Invoking command in '/home/omar-yaseen/robot_ws/build/Robot_Smart_Car': CMAKE_PREFIX_PATH=${CMAKE_PREFIX_PATH}:/opt/ros/jazzy DEBUGINFOD_URLS=https://debuginfod.ubuntu.com /usr/bin/cmake --install /home/omar-yaseen/robot_ws/build/Robot_Smart_Car
[0.415s] Level 1:colcon.colcon_core.environment:create_environment_scripts_only(Robot_Smart_Car)
[0.415s] DEBUG:colcon.colcon_core.event_handler.log_command:Invoked command in '/home/omar-yaseen/robot_ws/build/Robot_Smart_Car' returned '0': CMAKE_PREFIX_PATH=${CMAKE_PREFIX_PATH}:/opt/ros/jazzy DEBUGINFOD_URLS=https://debuginfod.ubuntu.com /usr/bin/cmake --install /home/omar-yaseen/robot_ws/build/Robot_Smart_Car
[0.418s] Level 1:colcon.colcon_core.environment:checking '/home/omar-yaseen/robot_ws/install/Robot_Smart_Car' for CMake module files
[0.419s] Level 1:colcon.colcon_core.environment:checking '/home/omar-yaseen/robot_ws/install/Robot_Smart_Car' for CMake config files
[0.419s] Level 1:colcon.colcon_core.shell:create_environment_hook('Robot_Smart_Car', 'cmake_prefix_path')
[0.419s] INFO:colcon.colcon_core.shell:Creating environment hook '/home/omar-yaseen/robot_ws/install/Robot_Smart_Car/share/Robot_Smart_Car/hook/cmake_prefix_path.ps1'
[0.420s] INFO:colcon.colcon_core.shell:Creating environment descriptor '/home/omar-yaseen/robot_ws/install/Robot_Smart_Car/share/Robot_Smart_Car/hook/cmake_prefix_path.dsv'
[0.421s] INFO:colcon.colcon_core.shell:Creating environment hook '/home/omar-yaseen/robot_ws/install/Robot_Smart_Car/share/Robot_Smart_Car/hook/cmake_prefix_path.sh'
[0.422s] Level 1:colcon.colcon_core.environment:checking '/home/omar-yaseen/robot_ws/install/Robot_Smart_Car/lib'
[0.423s] Level 1:colcon.colcon_core.environment:checking '/home/omar-yaseen/robot_ws/install/Robot_Smart_Car/bin'
[0.423s] Level 1:colcon.colcon_core.environment:checking '/home/omar-yaseen/robot_ws/install/Robot_Smart_Car/lib/pkgconfig/Robot_Smart_Car.pc'
[0.423s] Level 1:colcon.colcon_core.environment:checking '/home/omar-yaseen/robot_ws/install/Robot_Smart_Car/lib/python3.12/site-packages'
[0.424s] Level 1:colcon.colcon_core.environment:checking '/home/omar-yaseen/robot_ws/install/Robot_Smart_Car/bin'
[0.424s] INFO:colcon.colcon_core.shell:Creating package script '/home/omar-yaseen/robot_ws/install/Robot_Smart_Car/share/Robot_Smart_Car/package.ps1'
[0.425s] INFO:colcon.colcon_core.shell:Creating package descriptor '/home/omar-yaseen/robot_ws/install/Robot_Smart_Car/share/Robot_Smart_Car/package.dsv'
[0.426s] INFO:colcon.colcon_core.shell:Creating package script '/home/omar-yaseen/robot_ws/install/Robot_Smart_Car/share/Robot_Smart_Car/package.sh'
[0.427s] INFO:colcon.colcon_core.shell:Creating package script '/home/omar-yaseen/robot_ws/install/Robot_Smart_Car/share/Robot_Smart_Car/package.bash'
[0.427s] INFO:colcon.colcon_core.shell:Creating package script '/home/omar-yaseen/robot_ws/install/Robot_Smart_Car/share/Robot_Smart_Car/package.zsh'
[0.428s] Level 1:colcon.colcon_core.environment:create_file_with_runtime_dependencies(/home/omar-yaseen/robot_ws/install/Robot_Smart_Car/share/colcon-core/packages/Robot_Smart_Car)
[0.429s] Level 1:colcon.colcon_core.environment:create_environment_scripts_only(Robot_Smart_Car)
[0.429s] Level 1:colcon.colcon_core.environment:checking '/home/omar-yaseen/robot_ws/install/Robot_Smart_Car' for CMake module files
[0.430s] Level 1:colcon.colcon_core.environment:checking '/home/omar-yaseen/robot_ws/install/Robot_Smart_Car' for CMake config files
[0.430s] Level 1:colcon.colcon_core.shell:create_environment_hook('Robot_Smart_Car', 'cmake_prefix_path')
[0.430s] INFO:colcon.colcon_core.shell:Creating environment hook '/home/omar-yaseen/robot_ws/install/Robot_Smart_Car/share/Robot_Smart_Car/hook/cmake_prefix_path.ps1'
[0.431s] INFO:colcon.colcon_core.shell:Creating environment descriptor '/home/omar-yaseen/robot_ws/install/Robot_Smart_Car/share/Robot_Smart_Car/hook/cmake_prefix_path.dsv'
[0.431s] INFO:colcon.colcon_core.shell:Creating environment hook '/home/omar-yaseen/robot_ws/install/Robot_Smart_Car/share/Robot_Smart_Car/hook/cmake_prefix_path.sh'
[0.432s] Level 1:colcon.colcon_core.environment:checking '/home/omar-yaseen/robot_ws/install/Robot_Smart_Car/lib'
[0.432s] Level 1:colcon.colcon_core.environment:checking '/home/omar-yaseen/robot_ws/install/Robot_Smart_Car/bin'
[0.432s] Level 1:colcon.colcon_core.environment:checking '/home/omar-yaseen/robot_ws/install/Robot_Smart_Car/lib/pkgconfig/Robot_Smart_Car.pc'
[0.432s] Level 1:colcon.colcon_core.environment:checking '/home/omar-yaseen/robot_ws/install/Robot_Smart_Car/lib/python3.12/site-packages'
[0.433s] Level 1:colcon.colcon_core.environment:checking '/home/omar-yaseen/robot_ws/install/Robot_Smart_Car/bin'
[0.433s] INFO:colcon.colcon_core.shell:Creating package script '/home/omar-yaseen/robot_ws/install/Robot_Smart_Car/share/Robot_Smart_Car/package.ps1'
[0.434s] INFO:colcon.colcon_core.shell:Creating package descriptor '/home/omar-yaseen/robot_ws/install/Robot_Smart_Car/share/Robot_Smart_Car/package.dsv'
[0.435s] INFO:colcon.colcon_core.shell:Creating package script '/home/omar-yaseen/robot_ws/install/Robot_Smart_Car/share/Robot_Smart_Car/package.sh'
[0.435s] INFO:colcon.colcon_core.shell:Creating package script '/home/omar-yaseen/robot_ws/install/Robot_Smart_Car/share/Robot_Smart_Car/package.bash'
[0.436s] INFO:colcon.colcon_core.shell:Creating package script '/home/omar-yaseen/robot_ws/install/Robot_Smart_Car/share/Robot_Smart_Car/package.zsh'
[0.436s] Level 1:colcon.colcon_core.environment:create_file_with_runtime_dependencies(/home/omar-yaseen/robot_ws/install/Robot_Smart_Car/share/colcon-core/packages/Robot_Smart_Car)
[0.436s] DEBUG:colcon.colcon_parallel_executor.executor.parallel:closing loop
[0.436s] DEBUG:colcon.colcon_parallel_executor.executor.parallel:loop closed
[0.437s] DEBUG:colcon.colcon_parallel_executor.executor.parallel:run_until_complete finished with '0'
[0.437s] DEBUG:colcon.colcon_core.event_reactor:joining thread
[0.446s] INFO:colcon.colcon_core.plugin_system:Skipping extension 'colcon_notification.desktop_notification.terminal_notifier': Not used on non-Darwin systems
[0.446s] INFO:colcon.colcon_core.plugin_system:Skipping extension 'colcon_notification.desktop_notification.win32': Not used on non-Windows systems
[0.446s] INFO:colcon.colcon_notification.desktop_notification:Sending desktop notification using 'notify2'
[0.465s] DEBUG:colcon.colcon_core.event_reactor:joined thread
[0.466s] INFO:colcon.colcon_core.shell:Creating prefix script '/home/omar-yaseen/robot_ws/install/local_setup.ps1'
[0.467s] INFO:colcon.colcon_core.shell:Creating prefix util module '/home/omar-yaseen/robot_ws/install/_local_setup_util_ps1.py'
[0.468s] INFO:colcon.colcon_core.shell:Creating prefix chain script '/home/omar-yaseen/robot_ws/install/setup.ps1'
[0.469s] INFO:colcon.colcon_core.shell:Creating prefix script '/home/omar-yaseen/robot_ws/install/local_setup.sh'
[0.470s] INFO:colcon.colcon_core.shell:Creating prefix util module '/home/omar-yaseen/robot_ws/install/_local_setup_util_sh.py'
[0.470s] INFO:colcon.colcon_core.shell:Creating prefix chain script '/home/omar-yaseen/robot_ws/install/setup.sh'
[0.471s] INFO:colcon.colcon_core.shell:Creating prefix script '/home/omar-yaseen/robot_ws/install/local_setup.bash'
[0.472s] INFO:colcon.colcon_core.shell:Creating prefix chain script '/home/omar-yaseen/robot_ws/install/setup.bash'
[0.473s] INFO:colcon.colcon_core.shell:Creating prefix script '/home/omar-yaseen/robot_ws/install/local_setup.zsh'
[0.473s] INFO:colcon.colcon_core.shell:Creating prefix chain script '/home/omar-yaseen/robot_ws/install/setup.zsh'
