-- The C compiler identification is GNU 13.3.0
-- The CXX compiler identification is GNU 13.3.0
-- Detecting C compiler ABI info
-- Detecting C compiler ABI info - done
-- Check for working C compiler: /usr/bin/cc - skipped
-- Detecting C compile features
-- Detecting C compile features - done
-- Detecting CXX compiler ABI info
-- Detecting CXX compiler ABI info - done
-- Check for working CXX compiler: /usr/bin/c++ - skipped
-- Detecting CXX compile features
-- Detecting CXX compile features - done
-- Found ament_cmake: 2.5.5 (/opt/ros/jazzy/share/ament_cmake/cmake)
-- Found Python3: /usr/bin/python3 (found version "3.12.3") found components: Interpreter 
-- Found rclcpp: 28.1.16 (/opt/ros/jazzy/share/rclcpp/cmake)
-- Found rosidl_generator_c: 4.6.7 (/opt/ros/jazzy/share/rosidl_generator_c/cmake)
-- Found rosidl_generator_cpp: 4.6.7 (/opt/ros/jazzy/share/rosidl_generator_cpp/cmake)
-- Using all available rosidl_typesupport_c: rosidl_typesupport_fastrtps_c;rosidl_typesupport_introspection_c
-- Using all available rosidl_typesupport_cpp: rosidl_typesupport_fastrtps_cpp;rosidl_typesupport_introspection_cpp
-- Found rmw_implementation_cmake: 7.3.3 (/opt/ros/jazzy/share/rmw_implementation_cmake/cmake)
-- Found rmw_fastrtps_cpp: 8.4.3 (/opt/ros/jazzy/share/rmw_fastrtps_cpp/cmake)
-- Found OpenSSL: /usr/lib/x86_64-linux-gnu/libcrypto.so (found version "3.0.13")  
-- Found FastRTPS: /opt/ros/jazzy/include (Required is at least version "2.13") 
-- Using RMW implementation 'rmw_fastrtps_cpp' as default
-- Found std_msgs: 5.3.6 (/opt/ros/jazzy/share/std_msgs/cmake)
-- Found sensor_msgs: 5.3.6 (/opt/ros/jazzy/share/sensor_msgs/cmake)
-- Configuring done (1.5s)
-- Generating done (0.0s)
-- Build files have been written to: /home/omar-yaseen/robot_ws/build/Robot_Smart_Car
[ 50%] [32mBuilding CXX object CMakeFiles/full_sensor_node.dir/src/full_sensor_node.cpp.o[0m
[100%] [32m[1mLinking CXX executable full_sensor_node[0m
[100%] Built target full_sensor_node
-- Install configuration: ""
-- Installing: /home/omar-yaseen/robot_ws/install/Robot_Smart_Car/lib/Robot_Smart_Car/full_sensor_node
-- Set non-toolchain portion of runtime path of "/home/omar-yaseen/robot_ws/install/Robot_Smart_Car/lib/Robot_Smart_Car/full_sensor_node" to ""
-- Installing: /home/omar-yaseen/robot_ws/install/Robot_Smart_Car/share/Robot_Smart_Car/urdf
-- Installing: /home/omar-yaseen/robot_ws/install/Robot_Smart_Car/share/Robot_Smart_Car/urdf/Robot_Smart_Car.urdf
-- Installing: /home/omar-yaseen/robot_ws/install/Robot_Smart_Car/share/Robot_Smart_Car/urdf/Robot_Smart_Car.csv
-- Installing: /home/omar-yaseen/robot_ws/install/Robot_Smart_Car/share/Robot_Smart_Car/launch
-- Installing: /home/omar-yaseen/robot_ws/install/Robot_Smart_Car/share/Robot_Smart_Car/launch/display.launch.xml
-- Installing: /home/omar-yaseen/robot_ws/install/Robot_Smart_Car/share/Robot_Smart_Car/meshes
-- Installing: /home/omar-yaseen/robot_ws/install/Robot_Smart_Car/share/Robot_Smart_Car/meshes/left_wheel_link.STL
-- Installing: /home/omar-yaseen/robot_ws/install/Robot_Smart_Car/share/Robot_Smart_Car/meshes/right_wheel_link.STL
-- Installing: /home/omar-yaseen/robot_ws/install/Robot_Smart_Car/share/Robot_Smart_Car/meshes/caster.STL
-- Installing: /home/omar-yaseen/robot_ws/install/Robot_Smart_Car/share/Robot_Smart_Car/meshes/base_link.STL
-- Installing: /home/omar-yaseen/robot_ws/install/Robot_Smart_Car/share/Robot_Smart_Car/meshes/caster_wheel_link.STL
-- Installing: /home/omar-yaseen/robot_ws/install/Robot_Smart_Car/share/ament_index/resource_index/package_run_dependencies/Robot_Smart_Car
-- Installing: /home/omar-yaseen/robot_ws/install/Robot_Smart_Car/share/ament_index/resource_index/parent_prefix_path/Robot_Smart_Car
-- Installing: /home/omar-yaseen/robot_ws/install/Robot_Smart_Car/share/Robot_Smart_Car/environment/ament_prefix_path.sh
-- Installing: /home/omar-yaseen/robot_ws/install/Robot_Smart_Car/share/Robot_Smart_Car/environment/ament_prefix_path.dsv
-- Installing: /home/omar-yaseen/robot_ws/install/Robot_Smart_Car/share/Robot_Smart_Car/environment/path.sh
-- Installing: /home/omar-yaseen/robot_ws/install/Robot_Smart_Car/share/Robot_Smart_Car/environment/path.dsv
-- Installing: /home/omar-yaseen/robot_ws/install/Robot_Smart_Car/share/Robot_Smart_Car/local_setup.bash
-- Installing: /home/omar-yaseen/robot_ws/install/Robot_Smart_Car/share/Robot_Smart_Car/local_setup.sh
-- Installing: /home/omar-yaseen/robot_ws/install/Robot_Smart_Car/share/Robot_Smart_Car/local_setup.zsh
-- Installing: /home/omar-yaseen/robot_ws/install/Robot_Smart_Car/share/Robot_Smart_Car/local_setup.dsv
-- Installing: /home/omar-yaseen/robot_ws/install/Robot_Smart_Car/share/Robot_Smart_Car/package.dsv
-- Installing: /home/omar-yaseen/robot_ws/install/Robot_Smart_Car/share/ament_index/resource_index/packages/Robot_Smart_Car
-- Installing: /home/omar-yaseen/robot_ws/install/Robot_Smart_Car/share/Robot_Smart_Car/cmake/Robot_Smart_CarConfig.cmake
-- Installing: /home/omar-yaseen/robot_ws/install/Robot_Smart_Car/share/Robot_Smart_Car/cmake/Robot_Smart_CarConfig-version.cmake
-- Installing: /home/omar-yaseen/robot_ws/install/Robot_Smart_Car/share/Robot_Smart_Car/package.xml
