[0.021s] Invoking command in '/home/omar-yaseen/robot_ws/build/obstacle_package': CMAKE_PREFIX_PATH=${CMAKE_PREFIX_PATH}:/opt/ros/jazzy DEBUGINFOD_URLS=https://debuginfod.ubuntu.com /usr/bin/cmake /home/omar-yaseen/robot_ws/src/obstacle_package -DCMAKE_INSTALL_PREFIX=/home/omar-yaseen/robot_ws/install/obstacle_package
[0.103s] -- The C compiler identification is GNU 13.3.0
[0.190s] -- The CXX compiler identification is GNU 13.3.0
[0.211s] -- Detecting C compiler ABI info
[0.349s] -- Detecting C compiler ABI info - done
[0.370s] -- Check for working C compiler: /usr/bin/cc - skipped
[0.370s] -- Detecting C compile features
[0.371s] -- Detecting C compile features - done
[0.387s] -- Detecting CXX compiler ABI info
[0.549s] -- Detecting CXX compiler ABI info - done
[0.562s] -- Check for working CXX compiler: /usr/bin/c++ - skipped
[0.562s] -- Detecting CXX compile features
[0.563s] -- Detecting CXX compile features - done
[0.566s] -- Found ament_cmake: 2.5.5 (/opt/ros/jazzy/share/ament_cmake/cmake)
[0.744s] -- Found Python3: /usr/bin/python3 (found version "3.12.3") found components: Interpreter 
[0.882s] -- Found rclcpp: 28.1.16 (/opt/ros/jazzy/share/rclcpp/cmake)
[0.925s] -- Found rosidl_generator_c: 4.6.7 (/opt/ros/jazzy/share/rosidl_generator_c/cmake)
[0.940s] -- Found rosidl_generator_cpp: 4.6.7 (/opt/ros/jazzy/share/rosidl_generator_cpp/cmake)
[0.958s] -- Using all available rosidl_typesupport_c: rosidl_typesupport_fastrtps_c;rosidl_typesupport_introspection_c
[0.978s] -- Using all available rosidl_typesupport_cpp: rosidl_typesupport_fastrtps_cpp;rosidl_typesupport_introspection_cpp
[1.068s] -- Found rmw_implementation_cmake: 7.3.3 (/opt/ros/jazzy/share/rmw_implementation_cmake/cmake)
[1.071s] -- Found rmw_fastrtps_cpp: 8.4.3 (/opt/ros/jazzy/share/rmw_fastrtps_cpp/cmake)
[1.166s] -- Found OpenSSL: /usr/lib/x86_64-linux-gnu/libcrypto.so (found version "3.0.13")  
[1.194s] -- Found FastRTPS: /opt/ros/jazzy/include (Required is at least version "2.13") 
[1.226s] -- Using RMW implementation 'rmw_fastrtps_cpp' as default
[1.316s] -- Found std_msgs: 5.3.6 (/opt/ros/jazzy/share/std_msgs/cmake)
[1.444s] -- Configuring done (1.4s)
[1.455s] -- Generating done (0.0s)
[1.458s] -- Build files have been written to: /home/omar-yaseen/robot_ws/build/obstacle_package
[1.469s] Invoked command in '/home/omar-yaseen/robot_ws/build/obstacle_package' returned '0': CMAKE_PREFIX_PATH=${CMAKE_PREFIX_PATH}:/opt/ros/jazzy DEBUGINFOD_URLS=https://debuginfod.ubuntu.com /usr/bin/cmake /home/omar-yaseen/robot_ws/src/obstacle_package -DCMAKE_INSTALL_PREFIX=/home/omar-yaseen/robot_ws/install/obstacle_package
[1.470s] Invoking command in '/home/omar-yaseen/robot_ws/build/obstacle_package': CMAKE_PREFIX_PATH=${CMAKE_PREFIX_PATH}:/opt/ros/jazzy DEBUGINFOD_URLS=https://debuginfod.ubuntu.com /usr/bin/cmake --build /home/omar-yaseen/robot_ws/build/obstacle_package -- -j16 -l16
[1.527s] [ 50%] [32mBuilding CXX object CMakeFiles/obstacle_node.dir/src/obstacle_node.cpp.o[0m
[10.019s] [100%] [32m[1mLinking CXX executable obstacle_node[0m
[10.329s] [100%] Built target obstacle_node
[10.340s] Invoked command in '/home/omar-yaseen/robot_ws/build/obstacle_package' returned '0': CMAKE_PREFIX_PATH=${CMAKE_PREFIX_PATH}:/opt/ros/jazzy DEBUGINFOD_URLS=https://debuginfod.ubuntu.com /usr/bin/cmake --build /home/omar-yaseen/robot_ws/build/obstacle_package -- -j16 -l16
[10.341s] Invoking command in '/home/omar-yaseen/robot_ws/build/obstacle_package': CMAKE_PREFIX_PATH=${CMAKE_PREFIX_PATH}:/opt/ros/jazzy DEBUGINFOD_URLS=https://debuginfod.ubuntu.com /usr/bin/cmake --install /home/omar-yaseen/robot_ws/build/obstacle_package
[10.350s] -- Install configuration: ""
[10.350s] -- Installing: /home/omar-yaseen/robot_ws/install/obstacle_package/lib/obstacle_package/obstacle_node
[10.354s] -- Set non-toolchain portion of runtime path of "/home/omar-yaseen/robot_ws/install/obstacle_package/lib/obstacle_package/obstacle_node" to ""
[10.354s] -- Installing: /home/omar-yaseen/robot_ws/install/obstacle_package/share/ament_index/resource_index/package_run_dependencies/obstacle_package
[10.355s] -- Installing: /home/omar-yaseen/robot_ws/install/obstacle_package/share/ament_index/resource_index/parent_prefix_path/obstacle_package
[10.355s] -- Installing: /home/omar-yaseen/robot_ws/install/obstacle_package/share/obstacle_package/environment/ament_prefix_path.sh
[10.355s] -- Installing: /home/omar-yaseen/robot_ws/install/obstacle_package/share/obstacle_package/environment/ament_prefix_path.dsv
[10.355s] -- Installing: /home/omar-yaseen/robot_ws/install/obstacle_package/share/obstacle_package/environment/path.sh
[10.355s] -- Installing: /home/omar-yaseen/robot_ws/install/obstacle_package/share/obstacle_package/environment/path.dsv
[10.355s] -- Installing: /home/omar-yaseen/robot_ws/install/obstacle_package/share/obstacle_package/local_setup.bash
[10.355s] -- Installing: /home/omar-yaseen/robot_ws/install/obstacle_package/share/obstacle_package/local_setup.sh
[10.355s] -- Installing: /home/omar-yaseen/robot_ws/install/obstacle_package/share/obstacle_package/local_setup.zsh
[10.355s] -- Installing: /home/omar-yaseen/robot_ws/install/obstacle_package/share/obstacle_package/local_setup.dsv
[10.355s] -- Installing: /home/omar-yaseen/robot_ws/install/obstacle_package/share/obstacle_package/package.dsv
[10.355s] -- Installing: /home/omar-yaseen/robot_ws/install/obstacle_package/share/ament_index/resource_index/packages/obstacle_package
[10.355s] -- Installing: /home/omar-yaseen/robot_ws/install/obstacle_package/share/obstacle_package/cmake/obstacle_packageConfig.cmake
[10.355s] -- Installing: /home/omar-yaseen/robot_ws/install/obstacle_package/share/obstacle_package/cmake/obstacle_packageConfig-version.cmake
[10.356s] -- Installing: /home/omar-yaseen/robot_ws/install/obstacle_package/share/obstacle_package/package.xml
[10.366s] Invoked command in '/home/omar-yaseen/robot_ws/build/obstacle_package' returned '0': CMAKE_PREFIX_PATH=${CMAKE_PREFIX_PATH}:/opt/ros/jazzy DEBUGINFOD_URLS=https://debuginfod.ubuntu.com /usr/bin/cmake --install /home/omar-yaseen/robot_ws/build/obstacle_package
