[0.021s] Invoking command in '/home/omar-yaseen/robot_ws/build/sensor_package': CMAKE_PREFIX_PATH=${CMAKE_PREFIX_PATH}:/opt/ros/jazzy DEBUGINFOD_URLS=https://debuginfod.ubuntu.com /usr/bin/cmake /home/omar-yaseen/robot_ws/src/sensor_package -DCMAKE_INSTALL_PREFIX=/home/omar-yaseen/robot_ws/install/sensor_package
[0.113s] -- The C compiler identification is GNU 13.3.0
[0.193s] -- The CXX compiler identification is GNU 13.3.0
[0.217s] -- Detecting C compiler ABI info
[0.349s] -- Detecting C compiler ABI info - done
[0.368s] -- Check for working C compiler: /usr/bin/cc - skipped
[0.369s] -- Detecting C compile features
[0.370s] -- Detecting C compile features - done
[0.386s] -- Detecting CXX compiler ABI info
[0.545s] -- Detecting CXX compiler ABI info - done
[0.558s] -- Check for working CXX compiler: /usr/bin/c++ - skipped
[0.558s] -- Detecting CXX compile features
[0.559s] -- Detecting CXX compile features - done
[0.562s] -- Found ament_cmake: 2.5.5 (/opt/ros/jazzy/share/ament_cmake/cmake)
[0.739s] -- Found Python3: /usr/bin/python3 (found version "3.12.3") found components: Interpreter 
[0.871s] -- Found rclcpp: 28.1.16 (/opt/ros/jazzy/share/rclcpp/cmake)
[0.918s] -- Found rosidl_generator_c: 4.6.7 (/opt/ros/jazzy/share/rosidl_generator_c/cmake)
[0.933s] -- Found rosidl_generator_cpp: 4.6.7 (/opt/ros/jazzy/share/rosidl_generator_cpp/cmake)
[0.951s] -- Using all available rosidl_typesupport_c: rosidl_typesupport_fastrtps_c;rosidl_typesupport_introspection_c
[0.972s] -- Using all available rosidl_typesupport_cpp: rosidl_typesupport_fastrtps_cpp;rosidl_typesupport_introspection_cpp
[1.064s] -- Found rmw_implementation_cmake: 7.3.3 (/opt/ros/jazzy/share/rmw_implementation_cmake/cmake)
[1.067s] -- Found rmw_fastrtps_cpp: 8.4.3 (/opt/ros/jazzy/share/rmw_fastrtps_cpp/cmake)
[1.167s] -- Found OpenSSL: /usr/lib/x86_64-linux-gnu/libcrypto.so (found version "3.0.13")  
[1.196s] -- Found FastRTPS: /opt/ros/jazzy/include (Required is at least version "2.13") 
[1.225s] -- Using RMW implementation 'rmw_fastrtps_cpp' as default
[1.314s] -- Found std_msgs: 5.3.6 (/opt/ros/jazzy/share/std_msgs/cmake)
[1.335s] -- Found ament_lint_auto: 0.17.4 (/opt/ros/jazzy/share/ament_lint_auto/cmake)
[1.451s] -- Configuring done (1.4s)
[1.461s] -- Generating done (0.0s)
[1.466s] -- Build files have been written to: /home/omar-yaseen/robot_ws/build/sensor_package
[1.477s] Invoked command in '/home/omar-yaseen/robot_ws/build/sensor_package' returned '0': CMAKE_PREFIX_PATH=${CMAKE_PREFIX_PATH}:/opt/ros/jazzy DEBUGINFOD_URLS=https://debuginfod.ubuntu.com /usr/bin/cmake /home/omar-yaseen/robot_ws/src/sensor_package -DCMAKE_INSTALL_PREFIX=/home/omar-yaseen/robot_ws/install/sensor_package
[1.478s] Invoking command in '/home/omar-yaseen/robot_ws/build/sensor_package': CMAKE_PREFIX_PATH=${CMAKE_PREFIX_PATH}:/opt/ros/jazzy DEBUGINFOD_URLS=https://debuginfod.ubuntu.com /usr/bin/cmake --build /home/omar-yaseen/robot_ws/build/sensor_package -- -j16 -l16
[1.535s] [ 50%] [32mBuilding CXX object CMakeFiles/sensor_node.dir/src/sensor_node.cpp.o[0m
[10.010s] [100%] [32m[1mLinking CXX executable sensor_node[0m
[10.317s] [100%] Built target sensor_node
[10.330s] Invoked command in '/home/omar-yaseen/robot_ws/build/sensor_package' returned '0': CMAKE_PREFIX_PATH=${CMAKE_PREFIX_PATH}:/opt/ros/jazzy DEBUGINFOD_URLS=https://debuginfod.ubuntu.com /usr/bin/cmake --build /home/omar-yaseen/robot_ws/build/sensor_package -- -j16 -l16
[10.331s] Invoking command in '/home/omar-yaseen/robot_ws/build/sensor_package': CMAKE_PREFIX_PATH=${CMAKE_PREFIX_PATH}:/opt/ros/jazzy DEBUGINFOD_URLS=https://debuginfod.ubuntu.com /usr/bin/cmake --install /home/omar-yaseen/robot_ws/build/sensor_package
[10.341s] -- Install configuration: ""
[10.341s] -- Installing: /home/omar-yaseen/robot_ws/install/sensor_package/lib/sensor_package/sensor_node
[10.345s] -- Set non-toolchain portion of runtime path of "/home/omar-yaseen/robot_ws/install/sensor_package/lib/sensor_package/sensor_node" to ""
[10.345s] -- Installing: /home/omar-yaseen/robot_ws/install/sensor_package/share/ament_index/resource_index/package_run_dependencies/sensor_package
[10.345s] -- Installing: /home/omar-yaseen/robot_ws/install/sensor_package/share/ament_index/resource_index/parent_prefix_path/sensor_package
[10.345s] -- Installing: /home/omar-yaseen/robot_ws/install/sensor_package/share/sensor_package/environment/ament_prefix_path.sh
[10.345s] -- Installing: /home/omar-yaseen/robot_ws/install/sensor_package/share/sensor_package/environment/ament_prefix_path.dsv
[10.345s] -- Installing: /home/omar-yaseen/robot_ws/install/sensor_package/share/sensor_package/environment/path.sh
[10.345s] -- Installing: /home/omar-yaseen/robot_ws/install/sensor_package/share/sensor_package/environment/path.dsv
[10.345s] -- Installing: /home/omar-yaseen/robot_ws/install/sensor_package/share/sensor_package/local_setup.bash
[10.345s] -- Installing: /home/omar-yaseen/robot_ws/install/sensor_package/share/sensor_package/local_setup.sh
[10.345s] -- Installing: /home/omar-yaseen/robot_ws/install/sensor_package/share/sensor_package/local_setup.zsh
[10.345s] -- Installing: /home/omar-yaseen/robot_ws/install/sensor_package/share/sensor_package/local_setup.dsv
[10.345s] -- Installing: /home/omar-yaseen/robot_ws/install/sensor_package/share/sensor_package/package.dsv
[10.346s] -- Installing: /home/omar-yaseen/robot_ws/install/sensor_package/share/ament_index/resource_index/packages/sensor_package
[10.346s] -- Installing: /home/omar-yaseen/robot_ws/install/sensor_package/share/sensor_package/cmake/sensor_packageConfig.cmake
[10.346s] -- Installing: /home/omar-yaseen/robot_ws/install/sensor_package/share/sensor_package/cmake/sensor_packageConfig-version.cmake
[10.346s] -- Installing: /home/omar-yaseen/robot_ws/install/sensor_package/share/sensor_package/package.xml
[10.348s] Invoked command in '/home/omar-yaseen/robot_ws/build/sensor_package' returned '0': CMAKE_PREFIX_PATH=${CMAKE_PREFIX_PATH}:/opt/ros/jazzy DEBUGINFOD_URLS=https://debuginfod.ubuntu.com /usr/bin/cmake --install /home/omar-yaseen/robot_ws/build/sensor_package
